{"meta": {"format": 3, "version": "7.10.7", "timestamp": "2025-12-08T00:29:36.445441", "branch_coverage": false, "show_contexts": false}, "files": {"src/pybaseballstats/__init__.py": {"executed_lines": [1, 10], "summary": {"covered_lines": 2, "num_statements": 2, "percent_covered": 100.0, "percent_covered_display": "100", "missing_lines": 0, "excluded_lines": 0}, "missing_lines": [], "excluded_lines": [], "functions": {"": {"executed_lines": [1, 10], "summary": {"covered_lines": 2, "num_statements": 2, "percent_covered": 100.0, "percent_covered_display": "100", "missing_lines": 0, "excluded_lines": 0}, "missing_lines": [], "excluded_lines": []}}, "classes": {"": {"executed_lines": [1, 10], "summary": {"covered_lines": 2, "num_statements": 2, "percent_covered": 100.0, "percent_covered_display": "100", "missing_lines": 0, "excluded_lines": 0}, "missing_lines": [], "excluded_lines": []}}}, "src/pybaseballstats/bref_draft.py": {"executed_lines": [1, 2, 4, 9, 11, 14, 17, 29, 30, 31, 32, 33, 34, 35, 36, 37, 38, 41, 44, 47, 61, 62, 63, 64, 68, 69, 71, 73, 74, 77, 78, 81], "summary": {"covered_lines": 32, "num_statements": 32, "percent_covered": 100.0, "percent_covered_display": "100", "missing_lines": 0, "excluded_lines": 0}, "missing_lines": [], "excluded_lines": [], "functions": {"draft_order_by_year_round": {"executed_lines": [29, 30, 31, 32, 33, 34, 35, 36, 37, 38, 41, 44], "summary": {"covered_lines": 12, "num_statements": 12, "percent_covered": 100.0, "percent_covered_display": "100", "missing_lines": 0, "excluded_lines": 0}, "missing_lines": [], "excluded_lines": []}, "franchise_draft_order": {"executed_lines": [61, 62, 63, 64, 68, 69, 71, 73, 74, 77, 78, 81], "summary": {"covered_lines": 12, "num_statements": 12, "percent_covered": 100.0, "percent_covered_display": "100", "missing_lines": 0, "excluded_lines": 0}, "missing_lines": [], "excluded_lines": []}, "": {"executed_lines": [1, 2, 4, 9, 11, 14, 17, 47], "summary": {"covered_lines": 8, "num_statements": 8, "percent_covered": 100.0, "percent_covered_display": "100", "missing_lines": 0, "excluded_lines": 0}, "missing_lines": [], "excluded_lines": []}}, "classes": {"": {"executed_lines": [1, 2, 4, 9, 11, 14, 17, 29, 30, 31, 32, 33, 34, 35, 36, 37, 38, 41, 44, 47, 61, 62, 63, 64, 68, 69, 71, 73, 74, 77, 78, 81], "summary": {"covered_lines": 32, "num_statements": 32, "percent_covered": 100.0, "percent_covered_display": "100", "missing_lines": 0, "excluded_lines": 0}, "missing_lines": [], "excluded_lines": []}}}, "src/pybaseballstats/bref_managers.py": {"executed_lines": [1, 2, 4, 8, 13, 14, 17, 31, 32, 33, 34, 35, 36, 38, 84, 99, 100, 101, 102, 103, 104, 106, 107, 108, 109, 110, 111, 112, 146, 154], "summary": {"covered_lines": 30, "num_statements": 42, "percent_covered": 71.42857142857143, "percent_covered_display": "71", "missing_lines": 12, "excluded_lines": 0}, "missing_lines": [39, 40, 43, 51, 52, 54, 55, 56, 57, 58, 80, 81], "excluded_lines": [], "functions": {"managers_basic_data": {"executed_lines": [31, 32, 33, 34, 35, 36, 38], "summary": {"covered_lines": 7, "num_statements": 19, "percent_covered": 36.8421052631579, "percent_covered_display": "37", "missing_lines": 12, "excluded_lines": 0}, "missing_lines": [39, 40, 43, 51, 52, 54, 55, 56, 57, 58, 80, 81], "excluded_lines": []}, "managers_tendencies_data": {"executed_lines": [99, 100, 101, 102, 103, 104, 106, 107, 108, 109, 110, 111, 112, 146, 154], "summary": {"covered_lines": 15, "num_statements": 15, "percent_covered": 100.0, "percent_covered_display": "100", "missing_lines": 0, "excluded_lines": 0}, "missing_lines": [], "excluded_lines": []}, "": {"executed_lines": [1, 2, 4, 8, 13, 14, 17, 84], "summary": {"covered_lines": 8, "num_statements": 8, "percent_covered": 100.0, "percent_covered_display": "100", "missing_lines": 0, "excluded_lines": 0}, "missing_lines": [], "excluded_lines": []}}, "classes": {"": {"executed_lines": [1, 2, 4, 8, 13, 14, 17, 31, 32, 33, 34, 35, 36, 38, 84, 99, 100, 101, 102, 103, 104, 106, 107, 108, 109, 110, 111, 112, 146, 154], "summary": {"covered_lines": 30, "num_statements": 42, "percent_covered": 71.42857142857143, "percent_covered_display": "71", "missing_lines": 12, "excluded_lines": 0}, "missing_lines": [39, 40, 43, 51, 52, 54, 55, 56, 57, 58, 80, 81], "excluded_lines": []}}}, "src/pybaseballstats/bref_single_player.py": {"executed_lines": [1, 2, 4, 8, 13, 14, 26, 35, 36, 37, 40, 92, 95, 104, 114, 115, 116, 119, 129, 132, 168, 177, 178, 179, 182, 195, 199, 235, 244, 245, 246, 249, 258, 261, 300, 308, 309, 310, 336, 345, 346, 347, 368, 371, 419, 428, 429, 430, 445, 448, 473, 482, 483, 484, 500, 503], "summary": {"covered_lines": 56, "num_statements": 139, "percent_covered": 40.28776978417266, "percent_covered_display": "40", "missing_lines": 83, "excluded_lines": 0}, "missing_lines": [42, 45, 46, 47, 48, 52, 53, 54, 98, 101, 120, 123, 124, 125, 126, 127, 128, 135, 162, 165, 183, 186, 187, 188, 189, 192, 193, 202, 229, 232, 250, 251, 252, 253, 254, 255, 256, 257, 264, 294, 297, 316, 317, 318, 319, 320, 321, 324, 325, 326, 327, 330, 333, 353, 354, 355, 356, 357, 360, 363, 364, 367, 374, 416, 436, 437, 440, 441, 442, 443, 444, 451, 470, 490, 491, 494, 495, 496, 497, 498, 507, 510, 539], "excluded_lines": [], "functions": {"single_player_standard_batting": {"executed_lines": [35, 36, 37, 40, 92, 95], "summary": {"covered_lines": 6, "num_statements": 16, "percent_covered": 37.5, "percent_covered_display": "38", "missing_lines": 10, "excluded_lines": 0}, "missing_lines": [42, 45, 46, 47, 48, 52, 53, 54, 98, 101], "excluded_lines": []}, "single_player_value_batting": {"executed_lines": [114, 115, 116, 119, 129, 132], "summary": {"covered_lines": 6, "num_statements": 16, "percent_covered": 37.5, "percent_covered_display": "38", "missing_lines": 10, "excluded_lines": 0}, "missing_lines": [120, 123, 124, 125, 126, 127, 128, 135, 162, 165], "excluded_lines": []}, "single_player_advanced_batting": {"executed_lines": [177, 178, 179, 182, 195, 199], "summary": {"covered_lines": 6, "num_statements": 16, "percent_covered": 37.5, "percent_covered_display": "38", "missing_lines": 10, "excluded_lines": 0}, "missing_lines": [183, 186, 187, 188, 189, 192, 193, 202, 229, 232], "excluded_lines": []}, "single_player_standard_fielding": {"executed_lines": [244, 245, 246, 249, 258, 261], "summary": {"covered_lines": 6, "num_statements": 17, "percent_covered": 35.294117647058826, "percent_covered_display": "35", "missing_lines": 11, "excluded_lines": 0}, "missing_lines": [250, 251, 252, 253, 254, 255, 256, 257, 264, 294, 297], "excluded_lines": []}, "single_player_sabermetric_fielding": {"executed_lines": [308, 309, 310], "summary": {"covered_lines": 3, "num_statements": 15, "percent_covered": 20.0, "percent_covered_display": "20", "missing_lines": 12, "excluded_lines": 0}, "missing_lines": [316, 317, 318, 319, 320, 321, 324, 325, 326, 327, 330, 333], "excluded_lines": []}, "single_player_standard_pitching": {"executed_lines": [345, 346, 347, 368, 371], "summary": {"covered_lines": 5, "num_statements": 16, "percent_covered": 31.25, "percent_covered_display": "31", "missing_lines": 11, "excluded_lines": 0}, "missing_lines": [353, 354, 355, 356, 357, 360, 363, 364, 367, 374, 416], "excluded_lines": []}, "single_player_value_pitching": {"executed_lines": [428, 429, 430, 445, 448], "summary": {"covered_lines": 5, "num_statements": 14, "percent_covered": 35.714285714285715, "percent_covered_display": "36", "missing_lines": 9, "excluded_lines": 0}, "missing_lines": [436, 437, 440, 441, 442, 443, 444, 451, 470], "excluded_lines": []}, "single_player_advanced_pitching": {"executed_lines": [482, 483, 484, 500, 503], "summary": {"covered_lines": 5, "num_statements": 15, "percent_covered": 33.333333333333336, "percent_covered_display": "33", "missing_lines": 10, "excluded_lines": 0}, "missing_lines": [490, 491, 494, 495, 496, 497, 498, 507, 510, 539], "excluded_lines": []}, "": {"executed_lines": [1, 2, 4, 8, 13, 14, 26, 104, 168, 235, 300, 336, 419, 473], "summary": {"covered_lines": 14, "num_statements": 14, "percent_covered": 100.0, "percent_covered_display": "100", "missing_lines": 0, "excluded_lines": 0}, "missing_lines": [], "excluded_lines": []}}, "classes": {"": {"executed_lines": [1, 2, 4, 8, 13, 14, 26, 35, 36, 37, 40, 92, 95, 104, 114, 115, 116, 119, 129, 132, 168, 177, 178, 179, 182, 195, 199, 235, 244, 245, 246, 249, 258, 261, 300, 308, 309, 310, 336, 345, 346, 347, 368, 371, 419, 428, 429, 430, 445, 448, 473, 482, 483, 484, 500, 503], "summary": {"covered_lines": 56, "num_statements": 139, "percent_covered": 40.28776978417266, "percent_covered_display": "40", "missing_lines": 83, "excluded_lines": 0}, "missing_lines": [42, 45, 46, 47, 48, 52, 53, 54, 98, 101, 120, 123, 124, 125, 126, 127, 128, 135, 162, 165, 183, 186, 187, 188, 189, 192, 193, 202, 229, 232, 250, 251, 252, 253, 254, 255, 256, 257, 264, 294, 297, 316, 317, 318, 319, 320, 321, 324, 325, 326, 327, 330, 333, 353, 354, 355, 356, 357, 360, 363, 364, 367, 374, 416, 436, 437, 440, 441, 442, 443, 444, 451, 470, 490, 491, 494, 495, 496, 497, 498, 507, 510, 539], "excluded_lines": []}}}, "src/pybaseballstats/consts/__init__.py": {"executed_lines": [1, 10], "summary": {"covered_lines": 2, "num_statements": 2, "percent_covered": 100.0, "percent_covered_display": "100", "missing_lines": 0, "excluded_lines": 0}, "missing_lines": [], "excluded_lines": [], "functions": {"": {"executed_lines": [1, 10], "summary": {"covered_lines": 2, "num_statements": 2, "percent_covered": 100.0, "percent_covered_display": "100", "missing_lines": 0, "excluded_lines": 0}, "missing_lines": [], "excluded_lines": []}}, "classes": {"": {"executed_lines": [1, 10], "summary": {"covered_lines": 2, "num_statements": 2, "percent_covered": 100.0, "percent_covered_display": "100", "missing_lines": 0, "excluded_lines": 0}, "missing_lines": [], "excluded_lines": []}}}, "src/pybaseballstats/consts/bref_consts.py": {"executed_lines": [1, 5, 6, 7, 8, 9, 10, 11, 12, 13, 14, 15, 16, 17, 18, 19, 20, 21, 22, 23, 24, 25, 26, 27, 28, 29, 30, 31, 32, 33, 34, 35, 37, 38, 44, 45, 48, 51, 54, 57, 63], "summary": {"covered_lines": 41, "num_statements": 42, "percent_covered": 97.61904761904762, "percent_covered_display": "98", "missing_lines": 1, "excluded_lines": 0}, "missing_lines": [39], "excluded_lines": [], "functions": {"BREFTeams.show_options": {"executed_lines": [], "summary": {"covered_lines": 0, "num_statements": 1, "percent_covered": 0.0, "percent_covered_display": "0", "missing_lines": 1, "excluded_lines": 0}, "missing_lines": [39], "excluded_lines": []}, "": {"executed_lines": [1, 5, 6, 7, 8, 9, 10, 11, 12, 13, 14, 15, 16, 17, 18, 19, 20, 21, 22, 23, 24, 25, 26, 27, 28, 29, 30, 31, 32, 33, 34, 35, 37, 38, 44, 45, 48, 51, 54, 57, 63], "summary": {"covered_lines": 41, "num_statements": 41, "percent_covered": 100.0, "percent_covered_display": "100", "missing_lines": 0, "excluded_lines": 0}, "missing_lines": [], "excluded_lines": []}}, "classes": {"BREFTeams": {"executed_lines": [], "summary": {"covered_lines": 0, "num_statements": 1, "percent_covered": 0.0, "percent_covered_display": "0", "missing_lines": 1, "excluded_lines": 0}, "missing_lines": [39], "excluded_lines": []}, "": {"executed_lines": [1, 5, 6, 7, 8, 9, 10, 11, 12, 13, 14, 15, 16, 17, 18, 19, 20, 21, 22, 23, 24, 25, 26, 27, 28, 29, 30, 31, 32, 33, 34, 35, 37, 38, 44, 45, 48, 51, 54, 57, 63], "summary": {"covered_lines": 41, "num_statements": 41, "percent_covered": 100.0, "percent_covered_display": "100", "missing_lines": 0, "excluded_lines": 0}, "missing_lines": [], "excluded_lines": []}}}, "src/pybaseballstats/consts/fangraphs_consts.py": {"executed_lines": [1, 5, 6, 30, 60, 88, 89, 93, 94, 117, 144, 167, 189, 207, 218, 239, 254, 275, 294, 312, 327, 346, 364, 382, 400, 418, 436, 449, 465, 480, 495, 510, 525, 540, 553, 571, 589, 607, 624, 641, 659, 660, 664, 665, 666, 667, 668, 669, 670, 671, 672, 673, 674, 675, 676, 677, 678, 679, 680, 681, 682, 683, 684, 685, 686, 687, 688, 689, 690, 691, 692, 693, 694, 695, 697, 698, 702, 703, 727, 751, 774, 795, 809, 824, 843, 862, 883, 902, 920, 935, 954, 972, 990, 1008, 1026, 1044, 1057, 1073, 1088, 1103, 1118, 1133, 1148, 1162, 1163, 1167, 1168, 1169, 1170, 1171, 1172, 1173, 1174, 1175, 1176, 1177, 1178, 1179, 1180, 1181, 1182, 1183, 1184, 1185, 1186, 1187, 1188, 1189, 1190, 1191, 1192, 1193, 1194, 1195, 1196, 1197, 1199, 1200, 1204, 1205, 1206, 1207, 1208, 1209, 1210, 1211, 1212, 1213, 1214, 1215, 1216, 1217, 1219, 1220, 1225, 1229, 1230, 1231], "summary": {"covered_lines": 158, "num_statements": 164, "percent_covered": 96.34146341463415, "percent_covered_display": "96", "missing_lines": 6, "excluded_lines": 0}, "missing_lines": [90, 661, 699, 1164, 1201, 1221], "excluded_lines": [], "functions": {"FangraphsFieldingStatType.show_options": {"executed_lines": [], "summary": {"covered_lines": 0, "num_statements": 1, "percent_covered": 0.0, "percent_covered_display": "0", "missing_lines": 1, "excluded_lines": 0}, "missing_lines": [90], "excluded_lines": []}, "FangraphsPitchingStatType.show_options": {"executed_lines": [], "summary": {"covered_lines": 0, "num_statements": 1, "percent_covered": 0.0, "percent_covered_display": "0", "missing_lines": 1, "excluded_lines": 0}, "missing_lines": [661], "excluded_lines": []}, "FangraphsTeams.show_options": {"executed_lines": [], "summary": {"covered_lines": 0, "num_statements": 1, "percent_covered": 0.0, "percent_covered_display": "0", "missing_lines": 1, "excluded_lines": 0}, "missing_lines": [699], "excluded_lines": []}, "FangraphsBattingStatType.show_options": {"executed_lines": [], "summary": {"covered_lines": 0, "num_statements": 1, "percent_covered": 0.0, "percent_covered_display": "0", "missing_lines": 1, "excluded_lines": 0}, "missing_lines": [1164], "excluded_lines": []}, "FangraphsSingleGameTeams.show_options": {"executed_lines": [], "summary": {"covered_lines": 0, "num_statements": 1, "percent_covered": 0.0, "percent_covered_display": "0", "missing_lines": 1, "excluded_lines": 0}, "missing_lines": [1201], "excluded_lines": []}, "FangraphsBattingPosTypes.show_options": {"executed_lines": [], "summary": {"covered_lines": 0, "num_statements": 1, "percent_covered": 0.0, "percent_covered_display": "0", "missing_lines": 1, "excluded_lines": 0}, "missing_lines": [1221], "excluded_lines": []}, "": {"executed_lines": [1, 5, 6, 30, 60, 88, 89, 93, 94, 117, 144, 167, 189, 207, 218, 239, 254, 275, 294, 312, 327, 346, 364, 382, 400, 418, 436, 449, 465, 480, 495, 510, 525, 540, 553, 571, 589, 607, 624, 641, 659, 660, 664, 665, 666, 667, 668, 669, 670, 671, 672, 673, 674, 675, 676, 677, 678, 679, 680, 681, 682, 683, 684, 685, 686, 687, 688, 689, 690, 691, 692, 693, 694, 695, 697, 698, 702, 703, 727, 751, 774, 795, 809, 824, 843, 862, 883, 902, 920, 935, 954, 972, 990, 1008, 1026, 1044, 1057, 1073, 1088, 1103, 1118, 1133, 1148, 1162, 1163, 1167, 1168, 1169, 1170, 1171, 1172, 1173, 1174, 1175, 1176, 1177, 1178, 1179, 1180, 1181, 1182, 1183, 1184, 1185, 1186, 1187, 1188, 1189, 1190, 1191, 1192, 1193, 1194, 1195, 1196, 1197, 1199, 1200, 1204, 1205, 1206, 1207, 1208, 1209, 1210, 1211, 1212, 1213, 1214, 1215, 1216, 1217, 1219, 1220, 1225, 1229, 1230, 1231], "summary": {"covered_lines": 158, "num_statements": 158, "percent_covered": 100.0, "percent_covered_display": "100", "missing_lines": 0, "excluded_lines": 0}, "missing_lines": [], "excluded_lines": []}}, "classes": {"FangraphsFieldingStatType": {"executed_lines": [], "summary": {"covered_lines": 0, "num_statements": 1, "percent_covered": 0.0, "percent_covered_display": "0", "missing_lines": 1, "excluded_lines": 0}, "missing_lines": [90], "excluded_lines": []}, "FangraphsPitchingStatType": {"executed_lines": [], "summary": {"covered_lines": 0, "num_statements": 1, "percent_covered": 0.0, "percent_covered_display": "0", "missing_lines": 1, "excluded_lines": 0}, "missing_lines": [661], "excluded_lines": []}, "FangraphsTeams": {"executed_lines": [], "summary": {"covered_lines": 0, "num_statements": 1, "percent_covered": 0.0, "percent_covered_display": "0", "missing_lines": 1, "excluded_lines": 0}, "missing_lines": [699], "excluded_lines": []}, "FangraphsBattingStatType": {"executed_lines": [], "summary": {"covered_lines": 0, "num_statements": 1, "percent_covered": 0.0, "percent_covered_display": "0", "missing_lines": 1, "excluded_lines": 0}, "missing_lines": [1164], "excluded_lines": []}, "FangraphsSingleGameTeams": {"executed_lines": [], "summary": {"covered_lines": 0, "num_statements": 1, "percent_covered": 0.0, "percent_covered_display": "0", "missing_lines": 1, "excluded_lines": 0}, "missing_lines": [1201], "excluded_lines": []}, "FangraphsBattingPosTypes": {"executed_lines": [], "summary": {"covered_lines": 0, "num_statements": 1, "percent_covered": 0.0, "percent_covered_display": "0", "missing_lines": 1, "excluded_lines": 0}, "missing_lines": [1221], "excluded_lines": []}, "": {"executed_lines": [1, 5, 6, 30, 60, 88, 89, 93, 94, 117, 144, 167, 189, 207, 218, 239, 254, 275, 294, 312, 327, 346, 364, 382, 400, 418, 436, 449, 465, 480, 495, 510, 525, 540, 553, 571, 589, 607, 624, 641, 659, 660, 664, 665, 666, 667, 668, 669, 670, 671, 672, 673, 674, 675, 676, 677, 678, 679, 680, 681, 682, 683, 684, 685, 686, 687, 688, 689, 690, 691, 692, 693, 694, 695, 697, 698, 702, 703, 727, 751, 774, 795, 809, 824, 843, 862, 883, 902, 920, 935, 954, 972, 990, 1008, 1026, 1044, 1057, 1073, 1088, 1103, 1118, 1133, 1148, 1162, 1163, 1167, 1168, 1169, 1170, 1171, 1172, 1173, 1174, 1175, 1176, 1177, 1178, 1179, 1180, 1181, 1182, 1183, 1184, 1185, 1186, 1187, 1188, 1189, 1190, 1191, 1192, 1193, 1194, 1195, 1196, 1197, 1199, 1200, 1204, 1205, 1206, 1207, 1208, 1209, 1210, 1211, 1212, 1213, 1214, 1215, 1216, 1217, 1219, 1220, 1225, 1229, 1230, 1231], "summary": {"covered_lines": 158, "num_statements": 158, "percent_covered": 100.0, "percent_covered_display": "100", "missing_lines": 0, "excluded_lines": 0}, "missing_lines": [], "excluded_lines": []}}}, "src/pybaseballstats/consts/retrosheet_consts.py": {"executed_lines": [1, 2, 15], "summary": {"covered_lines": 3, "num_statements": 3, "percent_covered": 100.0, "percent_covered_display": "100", "missing_lines": 0, "excluded_lines": 0}, "missing_lines": [], "excluded_lines": [], "functions": {"": {"executed_lines": [1, 2, 15], "summary": {"covered_lines": 3, "num_statements": 3, "percent_covered": 100.0, "percent_covered_display": "100", "missing_lines": 0, "excluded_lines": 0}, "missing_lines": [], "excluded_lines": []}}, "classes": {"": {"executed_lines": [1, 2, 15], "summary": {"covered_lines": 3, "num_statements": 3, "percent_covered": 100.0, "percent_covered_display": "100", "missing_lines": 0, "excluded_lines": 0}, "missing_lines": [], "excluded_lines": []}}}, "src/pybaseballstats/consts/statcast_consts.py": {"executed_lines": [1, 2, 4, 5, 6, 7, 8, 9, 10, 11, 12, 13, 14, 15, 16, 17, 18, 19, 20, 21, 22, 23, 24, 25, 26, 27, 28, 29, 30, 31, 32, 33, 34, 40, 41, 44, 45, 46, 59, 60], "summary": {"covered_lines": 40, "num_statements": 41, "percent_covered": 97.5609756097561, "percent_covered_display": "98", "missing_lines": 1, "excluded_lines": 0}, "missing_lines": [42], "excluded_lines": [], "functions": {"StatcastTeams.show_options": {"executed_lines": [], "summary": {"covered_lines": 0, "num_statements": 1, "percent_covered": 0.0, "percent_covered_display": "0", "missing_lines": 1, "excluded_lines": 0}, "missing_lines": [42], "excluded_lines": []}, "": {"executed_lines": [1, 2, 4, 5, 6, 7, 8, 9, 10, 11, 12, 13, 14, 15, 16, 17, 18, 19, 20, 21, 22, 23, 24, 25, 26, 27, 28, 29, 30, 31, 32, 33, 34, 40, 41, 44, 45, 46, 59, 60], "summary": {"covered_lines": 40, "num_statements": 40, "percent_covered": 100.0, "percent_covered_display": "100", "missing_lines": 0, "excluded_lines": 0}, "missing_lines": [], "excluded_lines": []}}, "classes": {"StatcastTeams": {"executed_lines": [], "summary": {"covered_lines": 0, "num_statements": 1, "percent_covered": 0.0, "percent_covered_display": "0", "missing_lines": 1, "excluded_lines": 0}, "missing_lines": [42], "excluded_lines": []}, "": {"executed_lines": [1, 2, 4, 5, 6, 7, 8, 9, 10, 11, 12, 13, 14, 15, 16, 17, 18, 19, 20, 21, 22, 23, 24, 25, 26, 27, 28, 29, 30, 31, 32, 33, 34, 40, 41, 44, 45, 46, 59, 60], "summary": {"covered_lines": 40, "num_statements": 40, "percent_covered": 100.0, "percent_covered_display": "100", "missing_lines": 0, "excluded_lines": 0}, "missing_lines": [], "excluded_lines": []}}}, "src/pybaseballstats/consts/statcast_leaderboard_consts.py": {"executed_lines": [1, 5, 6, 7, 8, 9, 10, 11, 12, 13, 14, 15, 16, 17, 18, 19, 21, 22, 27], "summary": {"covered_lines": 19, "num_statements": 20, "percent_covered": 95.0, "percent_covered_display": "95", "missing_lines": 1, "excluded_lines": 0}, "missing_lines": [23], "excluded_lines": [], "functions": {"StatcastPitchTypes.show_options": {"executed_lines": [], "summary": {"covered_lines": 0, "num_statements": 1, "percent_covered": 0.0, "percent_covered_display": "0", "missing_lines": 1, "excluded_lines": 0}, "missing_lines": [23], "excluded_lines": []}, "": {"executed_lines": [1, 5, 6, 7, 8, 9, 10, 11, 12, 13, 14, 15, 16, 17, 18, 19, 21, 22, 27], "summary": {"covered_lines": 19, "num_statements": 19, "percent_covered": 100.0, "percent_covered_display": "100", "missing_lines": 0, "excluded_lines": 0}, "missing_lines": [], "excluded_lines": []}}, "classes": {"StatcastPitchTypes": {"executed_lines": [], "summary": {"covered_lines": 0, "num_statements": 1, "percent_covered": 0.0, "percent_covered_display": "0", "missing_lines": 1, "excluded_lines": 0}, "missing_lines": [23], "excluded_lines": []}, "": {"executed_lines": [1, 5, 6, 7, 8, 9, 10, 11, 12, 13, 14, 15, 16, 17, 18, 19, 21, 22, 27], "summary": {"covered_lines": 19, "num_statements": 19, "percent_covered": 100.0, "percent_covered_display": "100", "missing_lines": 0, "excluded_lines": 0}, "missing_lines": [], "excluded_lines": []}}}, "src/pybaseballstats/consts/umpire_scorecard_consts.py": {"executed_lines": [1, 4, 5, 6, 7, 8, 9, 10, 11, 12, 13, 14, 15, 16, 17, 18, 19, 20, 21, 22, 23, 24, 25, 26, 27, 28, 29, 30, 31, 32, 33, 34, 36, 37, 41, 42, 43], "summary": {"covered_lines": 37, "num_statements": 38, "percent_covered": 97.36842105263158, "percent_covered_display": "97", "missing_lines": 1, "excluded_lines": 0}, "missing_lines": [38], "excluded_lines": [], "functions": {"UmpireScorecardTeams.show_options": {"executed_lines": [], "summary": {"covered_lines": 0, "num_statements": 1, "percent_covered": 0.0, "percent_covered_display": "0", "missing_lines": 1, "excluded_lines": 0}, "missing_lines": [38], "excluded_lines": []}, "": {"executed_lines": [1, 4, 5, 6, 7, 8, 9, 10, 11, 12, 13, 14, 15, 16, 17, 18, 19, 20, 21, 22, 23, 24, 25, 26, 27, 28, 29, 30, 31, 32, 33, 34, 36, 37, 41, 42, 43], "summary": {"covered_lines": 37, "num_statements": 37, "percent_covered": 100.0, "percent_covered_display": "100", "missing_lines": 0, "excluded_lines": 0}, "missing_lines": [], "excluded_lines": []}}, "classes": {"UmpireScorecardTeams": {"executed_lines": [], "summary": {"covered_lines": 0, "num_statements": 1, "percent_covered": 0.0, "percent_covered_display": "0", "missing_lines": 1, "excluded_lines": 0}, "missing_lines": [38], "excluded_lines": []}, "": {"executed_lines": [1, 4, 5, 6, 7, 8, 9, 10, 11, 12, 13, 14, 15, 16, 17, 18, 19, 20, 21, 22, 23, 24, 25, 26, 27, 28, 29, 30, 31, 32, 33, 34, 36, 37, 41, 42, 43], "summary": {"covered_lines": 37, "num_statements": 37, "percent_covered": 100.0, "percent_covered_display": "100", "missing_lines": 0, "excluded_lines": 0}, "missing_lines": [], "excluded_lines": []}}}, "src/pybaseballstats/fangraphs_single_game.py": {"executed_lines": [1, 3, 4, 5, 6, 8, 13, 16, 34, 35, 36, 38, 39, 40, 41, 43, 44, 45, 48, 49, 52, 55, 56, 57, 58, 59, 60, 61, 62, 63, 64, 65, 66, 67, 68, 69, 70, 71, 72, 73, 84, 94, 97], "summary": {"covered_lines": 43, "num_statements": 45, "percent_covered": 95.55555555555556, "percent_covered_display": "96", "missing_lines": 2, "excluded_lines": 0}, "missing_lines": [98, 101], "excluded_lines": [], "functions": {"fangraphs_single_game_play_by_play": {"executed_lines": [34, 35, 36, 38, 39, 40, 41, 43, 44, 45, 48, 49, 52, 55, 56, 57, 58, 59, 60, 61, 62, 63, 64, 65, 66, 67, 68, 69, 70, 71, 72, 73, 84, 94], "summary": {"covered_lines": 34, "num_statements": 34, "percent_covered": 100.0, "percent_covered_display": "100", "missing_lines": 0, "excluded_lines": 0}, "missing_lines": [], "excluded_lines": []}, "": {"executed_lines": [1, 3, 4, 5, 6, 8, 13, 16, 97], "summary": {"covered_lines": 9, "num_statements": 11, "percent_covered": 81.81818181818181, "percent_covered_display": "82", "missing_lines": 2, "excluded_lines": 0}, "missing_lines": [98, 101], "excluded_lines": []}}, "classes": {"": {"executed_lines": [1, 3, 4, 5, 6, 8, 13, 16, 34, 35, 36, 38, 39, 40, 41, 43, 44, 45, 48, 49, 52, 55, 56, 57, 58, 59, 60, 61, 62, 63, 64, 65, 66, 67, 68, 69, 70, 71, 72, 73, 84, 94, 97], "summary": {"covered_lines": 43, "num_statements": 45, "percent_covered": 95.55555555555556, "percent_covered_display": "96", "missing_lines": 2, "excluded_lines": 0}, "missing_lines": [98, 101], "excluded_lines": []}}}, "src/pybaseballstats/retrosheet.py": {"executed_lines": [1, 2, 4, 5, 6, 7, 9, 13, 15, 18, 43, 44, 45, 46, 47, 48, 49, 52, 55, 56, 57, 58, 61, 62, 63, 64, 65, 68, 104, 176, 177, 187, 188, 191, 194, 219, 224, 227, 228, 230, 231, 232, 233, 234, 235, 237, 238, 239, 240, 241, 242, 244, 245, 247, 248, 249, 250, 252, 256, 257, 258, 259, 260, 262, 263, 264, 265, 266, 268, 269, 270, 271, 275, 277], "summary": {"covered_lines": 74, "num_statements": 111, "percent_covered": 66.66666666666667, "percent_covered_display": "67", "missing_lines": 37, "excluded_lines": 0}, "missing_lines": [50, 106, 108, 110, 112, 113, 114, 115, 117, 119, 120, 121, 122, 124, 126, 127, 132, 133, 134, 135, 136, 138, 141, 142, 143, 146, 151, 154, 170, 181, 182, 184, 189, 253, 254, 272, 273], "excluded_lines": [], "functions": {"player_lookup": {"executed_lines": [43, 44, 45, 46, 47, 48, 49, 52, 55, 56, 57, 58, 61, 62, 63, 64, 65, 68, 104, 176, 177, 187, 188, 191], "summary": {"covered_lines": 24, "num_statements": 32, "percent_covered": 75.0, "percent_covered_display": "75", "missing_lines": 8, "excluded_lines": 0}, "missing_lines": [50, 106, 154, 170, 181, 182, 184, 189], "excluded_lines": []}, "player_lookup.calculate_name_score": {"executed_lines": [], "summary": {"covered_lines": 0, "num_statements": 25, "percent_covered": 0.0, "percent_covered_display": "0", "missing_lines": 25, "excluded_lines": 0}, "missing_lines": [108, 110, 112, 113, 114, 115, 117, 119, 120, 121, 122, 124, 126, 127, 132, 133, 134, 135, 136, 138, 141, 142, 143, 146, 151], "excluded_lines": []}, "ejections_data": {"executed_lines": [219, 224, 227, 228, 230, 231, 232, 233, 234, 235, 237, 238, 239, 240, 241, 242, 244, 245, 247, 248, 249, 250, 252, 256, 257, 258, 259, 260, 262, 263, 264, 265, 266, 268, 269, 270, 271, 275, 277], "summary": {"covered_lines": 39, "num_statements": 43, "percent_covered": 90.69767441860465, "percent_covered_display": "91", "missing_lines": 4, "excluded_lines": 0}, "missing_lines": [253, 254, 272, 273], "excluded_lines": []}, "": {"executed_lines": [1, 2, 4, 5, 6, 7, 9, 13, 15, 18, 194], "summary": {"covered_lines": 11, "num_statements": 11, "percent_covered": 100.0, "percent_covered_display": "100", "missing_lines": 0, "excluded_lines": 0}, "missing_lines": [], "excluded_lines": []}}, "classes": {"": {"executed_lines": [1, 2, 4, 5, 6, 7, 9, 13, 15, 18, 43, 44, 45, 46, 47, 48, 49, 52, 55, 56, 57, 58, 61, 62, 63, 64, 65, 68, 104, 176, 177, 187, 188, 191, 194, 219, 224, 227, 228, 230, 231, 232, 233, 234, 235, 237, 238, 239, 240, 241, 242, 244, 245, 247, 248, 249, 250, 252, 256, 257, 258, 259, 260, 262, 263, 264, 265, 266, 268, 269, 270, 271, 275, 277], "summary": {"covered_lines": 74, "num_statements": 111, "percent_covered": 66.66666666666667, "percent_covered_display": "67", "missing_lines": 37, "excluded_lines": 0}, "missing_lines": [50, 106, 108, 110, 112, 113, 114, 115, 117, 119, 120, 121, 122, 124, 126, 127, 132, 133, 134, 135, 136, 138, 141, 142, 143, 146, 151, 154, 170, 181, 182, 184, 189, 253, 254, 272, 273], "excluded_lines": []}}}, "src/pybaseballstats/statcast.py": {"executed_lines": [1, 3, 5, 7, 11, 18, 21, 28, 29, 30, 31, 32, 34, 35, 36, 44, 45, 46, 48, 52, 53, 54, 56, 57, 58, 61, 93, 94, 96, 99, 100, 113, 115, 116], "summary": {"covered_lines": 34, "num_statements": 39, "percent_covered": 87.17948717948718, "percent_covered_display": "87", "missing_lines": 5, "excluded_lines": 0}, "missing_lines": [49, 50, 97, 101, 103], "excluded_lines": [], "functions": {"_async_pitch_by_pitch_data": {"executed_lines": [28, 29, 30, 31, 32, 34, 35, 36, 44, 45, 46, 48, 52, 53, 54, 56, 57, 58], "summary": {"covered_lines": 18, "num_statements": 20, "percent_covered": 90.0, "percent_covered_display": "90", "missing_lines": 2, "excluded_lines": 0}, "missing_lines": [49, 50], "excluded_lines": []}, "pitch_by_pitch_data": {"executed_lines": [93, 94, 96, 99, 100, 113, 115, 116], "summary": {"covered_lines": 8, "num_statements": 11, "percent_covered": 72.72727272727273, "percent_covered_display": "73", "missing_lines": 3, "excluded_lines": 0}, "missing_lines": [97, 101, 103], "excluded_lines": []}, "": {"executed_lines": [1, 3, 5, 7, 11, 18, 21, 61], "summary": {"covered_lines": 8, "num_statements": 8, "percent_covered": 100.0, "percent_covered_display": "100", "missing_lines": 0, "excluded_lines": 0}, "missing_lines": [], "excluded_lines": []}}, "classes": {"": {"executed_lines": [1, 3, 5, 7, 11, 18, 21, 28, 29, 30, 31, 32, 34, 35, 36, 44, 45, 46, 48, 52, 53, 54, 56, 57, 58, 61, 93, 94, 96, 99, 100, 113, 115, 116], "summary": {"covered_lines": 34, "num_statements": 39, "percent_covered": 87.17948717948718, "percent_covered_display": "87", "missing_lines": 5, "excluded_lines": 0}, "missing_lines": [49, 50, 97, 101, 103], "excluded_lines": []}}}, "src/pybaseballstats/statcast_single_game.py": {"executed_lines": [], "summary": {"covered_lines": 0, "num_statements": 176, "percent_covered": 0.0, "percent_covered_display": "0", "missing_lines": 176, "excluded_lines": 0}, "missing_lines": [1, 2, 3, 5, 6, 7, 8, 10, 14, 15, 18, 31, 34, 35, 36, 39, 42, 43, 44, 45, 48, 50, 51, 53, 56, 57, 58, 59, 60, 63, 66, 69, 70, 71, 72, 73, 75, 76, 77, 80, 85, 87, 89, 96, 97, 99, 100, 101, 104, 105, 106, 107, 108, 111, 112, 113, 115, 116, 119, 120, 122, 123, 126, 129, 131, 133, 134, 135, 137, 139, 140, 141, 142, 144, 145, 147, 150, 151, 154, 156, 157, 172, 175, 188, 191, 196, 197, 198, 205, 206, 208, 209, 210, 213, 214, 215, 216, 217, 218, 221, 222, 223, 225, 226, 229, 230, 232, 233, 236, 239, 241, 243, 244, 245, 247, 248, 249, 251, 252, 253, 254, 256, 257, 259, 262, 263, 266, 267, 268, 283, 286, 299, 302, 307, 308, 310, 317, 318, 320, 321, 322, 324, 325, 326, 327, 328, 330, 331, 332, 334, 335, 338, 339, 341, 342, 345, 348, 350, 352, 353, 354, 356, 358, 359, 360, 361, 363, 364, 366, 369, 370, 372, 373, 381, 385, 393], "excluded_lines": [], "functions": {"statcast_single_game_pitch_by_pitch": {"executed_lines": [], "summary": {"covered_lines": 0, "num_statements": 4, "percent_covered": 0.0, "percent_covered_display": "0", "missing_lines": 4, "excluded_lines": 0}, "missing_lines": [31, 34, 35, 36], "excluded_lines": []}, "get_available_game_pks_for_date": {"executed_lines": [], "summary": {"covered_lines": 0, "num_statements": 15, "percent_covered": 0.0, "percent_covered_display": "0", "missing_lines": 15, "excluded_lines": 0}, "missing_lines": [42, 43, 44, 45, 48, 50, 51, 53, 56, 57, 58, 59, 60, 63, 66], "excluded_lines": []}, "_handle_single_game_date": {"executed_lines": [], "summary": {"covered_lines": 0, "num_statements": 7, "percent_covered": 0.0, "percent_covered_display": "0", "missing_lines": 7, "excluded_lines": 0}, "missing_lines": [70, 71, 72, 73, 75, 76, 77], "excluded_lines": []}, "get_statcast_single_game_exit_velocity": {"executed_lines": [], "summary": {"covered_lines": 0, "num_statements": 44, "percent_covered": 0.0, "percent_covered_display": "0", "missing_lines": 44, "excluded_lines": 0}, "missing_lines": [85, 87, 89, 96, 97, 99, 100, 101, 104, 105, 106, 107, 108, 111, 112, 113, 115, 116, 119, 120, 122, 123, 126, 129, 131, 133, 134, 135, 137, 139, 140, 141, 142, 144, 145, 147, 150, 151, 154, 156, 157, 172, 175, 188], "excluded_lines": []}, "get_statcast_single_game_pitch_velocity": {"executed_lines": [], "summary": {"covered_lines": 0, "num_statements": 47, "percent_covered": 0.0, "percent_covered_display": "0", "missing_lines": 47, "excluded_lines": 0}, "missing_lines": [196, 197, 198, 205, 206, 208, 209, 210, 213, 214, 215, 216, 217, 218, 221, 222, 223, 225, 226, 229, 230, 232, 233, 236, 239, 241, 243, 244, 245, 247, 248, 249, 251, 252, 253, 254, 256, 257, 259, 262, 263, 266, 267, 268, 283, 286, 299], "excluded_lines": []}, "get_statcast_single_game_wp_table": {"executed_lines": [], "summary": {"covered_lines": 0, "num_statements": 43, "percent_covered": 0.0, "percent_covered_display": "0", "missing_lines": 43, "excluded_lines": 0}, "missing_lines": [307, 308, 310, 317, 318, 320, 321, 322, 324, 325, 326, 327, 328, 330, 331, 332, 334, 335, 338, 339, 341, 342, 345, 348, 350, 352, 353, 354, 356, 358, 359, 360, 361, 363, 364, 366, 369, 370, 372, 373, 381, 385, 393], "excluded_lines": []}, "": {"executed_lines": [], "summary": {"covered_lines": 0, "num_statements": 16, "percent_covered": 0.0, "percent_covered_display": "0", "missing_lines": 16, "excluded_lines": 0}, "missing_lines": [1, 2, 3, 5, 6, 7, 8, 10, 14, 15, 18, 39, 69, 80, 191, 302], "excluded_lines": []}}, "classes": {"": {"executed_lines": [], "summary": {"covered_lines": 0, "num_statements": 176, "percent_covered": 0.0, "percent_covered_display": "0", "missing_lines": 176, "excluded_lines": 0}, "missing_lines": [1, 2, 3, 5, 6, 7, 8, 10, 14, 15, 18, 31, 34, 35, 36, 39, 42, 43, 44, 45, 48, 50, 51, 53, 56, 57, 58, 59, 60, 63, 66, 69, 70, 71, 72, 73, 75, 76, 77, 80, 85, 87, 89, 96, 97, 99, 100, 101, 104, 105, 106, 107, 108, 111, 112, 113, 115, 116, 119, 120, 122, 123, 126, 129, 131, 133, 134, 135, 137, 139, 140, 141, 142, 144, 145, 147, 150, 151, 154, 156, 157, 172, 175, 188, 191, 196, 197, 198, 205, 206, 208, 209, 210, 213, 214, 215, 216, 217, 218, 221, 222, 223, 225, 226, 229, 230, 232, 233, 236, 239, 241, 243, 244, 245, 247, 248, 249, 251, 252, 253, 254, 256, 257, 259, 262, 263, 266, 267, 268, 283, 286, 299, 302, 307, 308, 310, 317, 318, 320, 321, 322, 324, 325, 326, 327, 328, 330, 331, 332, 334, 335, 338, 339, 341, 342, 345, 348, 350, 352, 353, 354, 356, 358, 359, 360, 361, 363, 364, 366, 369, 370, 372, 373, 381, 385, 393], "excluded_lines": []}}}, "src/pybaseballstats/umpire_scorecards.py": {"executed_lines": [1, 2, 4, 5, 6, 8, 15, 24, 38, 73, 74, 75, 76, 77, 78, 79, 80, 81, 82, 83, 84, 86, 87, 90, 91, 92, 93, 94, 95, 97, 98, 99, 101, 102, 103, 104, 105, 107, 108, 109, 110, 112, 122, 126, 127, 128, 134, 135, 138, 177, 179, 180, 181, 182, 183, 185, 187, 189, 190, 192, 197, 198, 199, 201, 203, 205, 206, 207, 209, 210, 211, 212, 213, 215, 217, 218, 219, 221, 230, 233, 234, 235, 241, 242, 243, 244, 247, 270, 272, 273, 274, 275, 276, 278, 280, 282, 283, 285, 290, 298, 301, 302, 303, 306], "summary": {"covered_lines": 104, "num_statements": 127, "percent_covered": 81.88976377952756, "percent_covered_display": "82", "missing_lines": 23, "excluded_lines": 0}, "missing_lines": [25, 106, 129, 132, 178, 184, 186, 188, 193, 200, 202, 204, 214, 216, 220, 236, 239, 271, 277, 279, 281, 286, 307], "excluded_lines": [], "functions": {"game_type_options": {"executed_lines": [], "summary": {"covered_lines": 0, "num_statements": 1, "percent_covered": 0.0, "percent_covered_display": "0", "missing_lines": 1, "excluded_lines": 0}, "missing_lines": [25], "excluded_lines": []}, "game_data": {"executed_lines": [73, 74, 75, 76, 77, 78, 79, 80, 81, 82, 83, 84, 86, 87, 90, 91, 92, 93, 94, 95, 97, 98, 99, 101, 102, 103, 104, 105, 107, 108, 109, 110, 112, 122, 126, 127, 128, 134, 135], "summary": {"covered_lines": 39, "num_statements": 42, "percent_covered": 92.85714285714286, "percent_covered_display": "93", "missing_lines": 3, "excluded_lines": 0}, "missing_lines": [106, 129, 132], "excluded_lines": []}, "umpire_data": {"executed_lines": [177, 179, 180, 181, 182, 183, 185, 187, 189, 190, 192, 197, 198, 199, 201, 203, 205, 206, 207, 209, 210, 211, 212, 213, 215, 217, 218, 219, 221, 230, 233, 234, 235, 241, 242, 243, 244], "summary": {"covered_lines": 37, "num_statements": 50, "percent_covered": 74.0, "percent_covered_display": "74", "missing_lines": 13, "excluded_lines": 0}, "missing_lines": [178, 184, 186, 188, 193, 200, 202, 204, 214, 216, 220, 236, 239], "excluded_lines": []}, "team_data": {"executed_lines": [270, 272, 273, 274, 275, 276, 278, 280, 282, 283, 285, 290, 298, 301, 302, 303], "summary": {"covered_lines": 16, "num_statements": 21, "percent_covered": 76.19047619047619, "percent_covered_display": "76", "missing_lines": 5, "excluded_lines": 0}, "missing_lines": [271, 277, 279, 281, 286], "excluded_lines": []}, "": {"executed_lines": [1, 2, 4, 5, 6, 8, 15, 24, 38, 138, 247, 306], "summary": {"covered_lines": 12, "num_statements": 13, "percent_covered": 92.3076923076923, "percent_covered_display": "92", "missing_lines": 1, "excluded_lines": 0}, "missing_lines": [307], "excluded_lines": []}}, "classes": {"": {"executed_lines": [1, 2, 4, 5, 6, 8, 15, 24, 38, 73, 74, 75, 76, 77, 78, 79, 80, 81, 82, 83, 84, 86, 87, 90, 91, 92, 93, 94, 95, 97, 98, 99, 101, 102, 103, 104, 105, 107, 108, 109, 110, 112, 122, 126, 127, 128, 134, 135, 138, 177, 179, 180, 181, 182, 183, 185, 187, 189, 190, 192, 197, 198, 199, 201, 203, 205, 206, 207, 209, 210, 211, 212, 213, 215, 217, 218, 219, 221, 230, 233, 234, 235, 241, 242, 243, 244, 247, 270, 272, 273, 274, 275, 276, 278, 280, 282, 283, 285, 290, 298, 301, 302, 303, 306], "summary": {"covered_lines": 104, "num_statements": 127, "percent_covered": 81.88976377952756, "percent_covered_display": "82", "missing_lines": 23, "excluded_lines": 0}, "missing_lines": [25, 106, 129, 132, 178, 184, 186, 188, 193, 200, 202, 204, 214, 216, 220, 236, 239, 271, 277, 279, 281, 286, 307], "excluded_lines": []}}}, "src/pybaseballstats/utils/__init__.py": {"executed_lines": [0], "summary": {"covered_lines": 0, "num_statements": 0, "percent_covered": 100.0, "percent_covered_display": "100", "missing_lines": 0, "excluded_lines": 0}, "missing_lines": [], "excluded_lines": [], "functions": {"": {"executed_lines": [], "summary": {"covered_lines": 0, "num_statements": 0, "percent_covered": 100.0, "percent_covered_display": "100", "missing_lines": 0, "excluded_lines": 0}, "missing_lines": [], "excluded_lines": []}}, "classes": {"": {"executed_lines": [], "summary": {"covered_lines": 0, "num_statements": 0, "percent_covered": 100.0, "percent_covered_display": "100", "missing_lines": 0, "excluded_lines": 0}, "missing_lines": [], "excluded_lines": []}}}, "src/pybaseballstats/utils/bref_utils.py": {"executed_lines": [1, 2, 3, 4, 5, 6, 7, 9, 10, 14, 15, 30, 31, 33, 40, 41, 42, 43, 44, 46, 49, 54, 55, 56, 60, 64, 65, 66, 68, 69, 70, 71, 72, 74, 84, 86, 87, 88, 91, 92, 94, 95, 96, 97, 98, 99, 100, 105, 106, 107, 111, 112, 114, 117, 118, 120, 121, 122, 123, 124, 125, 126, 136, 138, 139, 142, 151, 166, 167, 169, 171, 172, 173, 174, 181, 186, 191, 196, 197, 198, 199, 200, 201, 202, 203, 205, 206, 207, 208, 209, 210, 211, 212, 213, 215, 216, 218, 219], "summary": {"covered_lines": 96, "num_statements": 131, "percent_covered": 73.2824427480916, "percent_covered_display": "73", "missing_lines": 35, "excluded_lines": 0}, "missing_lines": [47, 50, 127, 128, 129, 132, 133, 134, 140, 143, 144, 147, 148, 149, 153, 154, 155, 156, 157, 158, 159, 160, 161, 162, 163, 164, 175, 176, 178, 179, 183, 184, 188, 204, 214], "excluded_lines": [], "functions": {"Singleton.__init__": {"executed_lines": [31], "summary": {"covered_lines": 1, "num_statements": 1, "percent_covered": 100.0, "percent_covered_display": "100", "missing_lines": 0, "excluded_lines": 0}, "missing_lines": [], "excluded_lines": []}, "Singleton.instance": {"executed_lines": [40, 41, 42, 43, 44], "summary": {"covered_lines": 5, "num_statements": 5, "percent_covered": 100.0, "percent_covered_display": "100", "missing_lines": 0, "excluded_lines": 0}, "missing_lines": [], "excluded_lines": []}, "Singleton.__call__": {"executed_lines": [], "summary": {"covered_lines": 0, "num_statements": 1, "percent_covered": 0.0, "percent_covered_display": "0", "missing_lines": 1, "excluded_lines": 0}, "missing_lines": [47], "excluded_lines": []}, "Singleton.__instancecheck__": {"executed_lines": [], "summary": {"covered_lines": 0, "num_statements": 1, "percent_covered": 0.0, "percent_covered_display": "0", "missing_lines": 1, "excluded_lines": 0}, "missing_lines": [50], "excluded_lines": []}, "BREFSession.__init__": {"executed_lines": [64, 65, 66, 68, 69, 70, 71, 72, 74], "summary": {"covered_lines": 9, "num_statements": 9, "percent_covered": 100.0, "percent_covered_display": "100", "missing_lines": 0, "excluded_lines": 0}, "missing_lines": [], "excluded_lines": []}, "BREFSession._rate_limit": {"executed_lines": [86, 87, 88, 91, 92, 94, 95, 96, 97, 98, 99, 100, 105, 106, 107, 111, 112], "summary": {"covered_lines": 17, "num_statements": 17, "percent_covered": 100.0, "percent_covered_display": "100", "missing_lines": 0, "excluded_lines": 0}, "missing_lines": [], "excluded_lines": []}, "BREFSession.get": {"executed_lines": [117, 118, 120, 121, 122, 123, 124, 125, 126], "summary": {"covered_lines": 9, "num_statements": 15, "percent_covered": 60.0, "percent_covered_display": "60", "missing_lines": 6, "excluded_lines": 0}, "missing_lines": [127, 128, 129, 132, 133, 134], "excluded_lines": []}, "BREFSession._ensure_browser_initialized": {"executed_lines": [138, 139, 142], "summary": {"covered_lines": 3, "num_statements": 9, "percent_covered": 33.333333333333336, "percent_covered_display": "33", "missing_lines": 6, "excluded_lines": 0}, "missing_lines": [140, 143, 144, 147, 148, 149], "excluded_lines": []}, "BREFSession._cleanup_browser": {"executed_lines": [], "summary": {"covered_lines": 0, "num_statements": 12, "percent_covered": 0.0, "percent_covered_display": "0", "missing_lines": 12, "excluded_lines": 0}, "missing_lines": [153, 154, 155, 156, 157, 158, 159, 160, 161, 162, 163, 164], "excluded_lines": []}, "BREFSession.get_page": {"executed_lines": [169, 171, 172, 173, 174], "summary": {"covered_lines": 5, "num_statements": 9, "percent_covered": 55.55555555555556, "percent_covered_display": "56", "missing_lines": 4, "excluded_lines": 0}, "missing_lines": [175, 176, 178, 179], "excluded_lines": []}, "BREFSession.close_browser": {"executed_lines": [], "summary": {"covered_lines": 0, "num_statements": 2, "percent_covered": 0.0, "percent_covered_display": "0", "missing_lines": 2, "excluded_lines": 0}, "missing_lines": [183, 184], "excluded_lines": []}, "BREFSession.__del__": {"executed_lines": [], "summary": {"covered_lines": 0, "num_statements": 1, "percent_covered": 0.0, "percent_covered_display": "0", "missing_lines": 1, "excluded_lines": 0}, "missing_lines": [188], "excluded_lines": []}, "_extract_table": {"executed_lines": [196, 197, 198, 199, 200, 201, 202, 203, 205, 206, 207, 208, 209, 210, 211, 212, 213, 215, 216, 218, 219], "summary": {"covered_lines": 21, "num_statements": 23, "percent_covered": 91.30434782608695, "percent_covered_display": "91", "missing_lines": 2, "excluded_lines": 0}, "missing_lines": [204, 214], "excluded_lines": []}, "": {"executed_lines": [1, 2, 3, 4, 5, 6, 7, 9, 10, 14, 15, 30, 33, 46, 49, 54, 55, 56, 60, 84, 114, 136, 151, 166, 167, 181, 186, 191], "summary": {"covered_lines": 26, "num_statements": 26, "percent_covered": 100.0, "percent_covered_display": "100", "missing_lines": 0, "excluded_lines": 0}, "missing_lines": [], "excluded_lines": []}}, "classes": {"Singleton": {"executed_lines": [31, 40, 41, 42, 43, 44], "summary": {"covered_lines": 6, "num_statements": 8, "percent_covered": 75.0, "percent_covered_display": "75", "missing_lines": 2, "excluded_lines": 0}, "missing_lines": [47, 50], "excluded_lines": []}, "BREFSession": {"executed_lines": [64, 65, 66, 68, 69, 70, 71, 72, 74, 86, 87, 88, 91, 92, 94, 95, 96, 97, 98, 99, 100, 105, 106, 107, 111, 112, 117, 118, 120, 121, 122, 123, 124, 125, 126, 138, 139, 142, 169, 171, 172, 173, 174], "summary": {"covered_lines": 43, "num_statements": 74, "percent_covered": 58.108108108108105, "percent_covered_display": "58", "missing_lines": 31, "excluded_lines": 0}, "missing_lines": [127, 128, 129, 132, 133, 134, 140, 143, 144, 147, 148, 149, 153, 154, 155, 156, 157, 158, 159, 160, 161, 162, 163, 164, 175, 176, 178, 179, 183, 184, 188], "excluded_lines": []}, "": {"executed_lines": [1, 2, 3, 4, 5, 6, 7, 9, 10, 14, 15, 30, 33, 46, 49, 54, 55, 56, 60, 84, 114, 136, 151, 166, 167, 181, 186, 191, 196, 197, 198, 199, 200, 201, 202, 203, 205, 206, 207, 208, 209, 210, 211, 212, 213, 215, 216, 218, 219], "summary": {"covered_lines": 47, "num_statements": 49, "percent_covered": 95.91836734693878, "percent_covered_display": "96", "missing_lines": 2, "excluded_lines": 0}, "missing_lines": [204, 214], "excluded_lines": []}}}, "src/pybaseballstats/utils/fangraphs_utils.py": {"executed_lines": [], "summary": {"covered_lines": 0, "num_statements": 119, "percent_covered": 0.0, "percent_covered_display": "0", "missing_lines": 119, "excluded_lines": 0}, "missing_lines": [1, 2, 4, 6, 12, 13, 14, 15, 16, 17, 18, 19, 20, 22, 25, 26, 27, 28, 29, 31, 34, 35, 36, 37, 38, 40, 43, 44, 45, 46, 47, 48, 49, 50, 53, 54, 55, 57, 60, 63, 66, 67, 68, 69, 70, 73, 74, 75, 76, 77, 78, 81, 82, 83, 84, 86, 87, 88, 89, 90, 91, 92, 93, 96, 98, 99, 100, 101, 102, 103, 104, 105, 106, 107, 108, 109, 110, 112, 113, 114, 115, 117, 118, 121, 122, 123, 124, 127, 128, 129, 130, 131, 139, 141, 142, 143, 144, 145, 146, 147, 148, 149, 150, 151, 152, 153, 154, 157, 158, 159, 160, 161, 162, 163, 167, 168, 169, 170, 171], "excluded_lines": [], "functions": {"validate_min_pa_param": {"executed_lines": [], "summary": {"covered_lines": 0, "num_statements": 9, "percent_covered": 0.0, "percent_covered_display": "0", "missing_lines": 9, "excluded_lines": 0}, "missing_lines": [13, 14, 15, 16, 17, 18, 19, 20, 22], "excluded_lines": []}, "validate_pos_param": {"executed_lines": [], "summary": {"covered_lines": 0, "num_statements": 5, "percent_covered": 0.0, "percent_covered_display": "0", "missing_lines": 5, "excluded_lines": 0}, "missing_lines": [26, 27, 28, 29, 31], "excluded_lines": []}, "validate_hand_param": {"executed_lines": [], "summary": {"covered_lines": 0, "num_statements": 5, "percent_covered": 0.0, "percent_covered_display": "0", "missing_lines": 5, "excluded_lines": 0}, "missing_lines": [35, 36, 37, 38, 40], "excluded_lines": []}, "validate_age_params": {"executed_lines": [], "summary": {"covered_lines": 0, "num_statements": 7, "percent_covered": 0.0, "percent_covered_display": "0", "missing_lines": 7, "excluded_lines": 0}, "missing_lines": [44, 45, 46, 47, 48, 49, 50], "excluded_lines": []}, "validate_ind_param": {"executed_lines": [], "summary": {"covered_lines": 0, "num_statements": 3, "percent_covered": 0.0, "percent_covered_display": "0", "missing_lines": 3, "excluded_lines": 0}, "missing_lines": [54, 55, 57], "excluded_lines": []}, "validate_seasons_param": {"executed_lines": [], "summary": {"covered_lines": 0, "num_statements": 24, "percent_covered": 0.0, "percent_covered_display": "0", "missing_lines": 24, "excluded_lines": 0}, "missing_lines": [63, 66, 67, 68, 69, 70, 73, 74, 75, 76, 77, 78, 81, 82, 83, 84, 86, 87, 88, 89, 90, 91, 92, 93], "excluded_lines": []}, "validate_team_stat_split_param": {"executed_lines": [], "summary": {"covered_lines": 0, "num_statements": 19, "percent_covered": 0.0, "percent_covered_display": "0", "missing_lines": 19, "excluded_lines": 0}, "missing_lines": [98, 99, 100, 101, 102, 103, 104, 105, 106, 107, 108, 109, 110, 112, 113, 114, 115, 117, 118], "excluded_lines": []}, "validate_active_roster_param": {"executed_lines": [], "summary": {"covered_lines": 0, "num_statements": 3, "percent_covered": 0.0, "percent_covered_display": "0", "missing_lines": 3, "excluded_lines": 0}, "missing_lines": [122, 123, 124], "excluded_lines": []}, "validate_season_type": {"executed_lines": [], "summary": {"covered_lines": 0, "num_statements": 19, "percent_covered": 0.0, "percent_covered_display": "0", "missing_lines": 19, "excluded_lines": 0}, "missing_lines": [128, 129, 130, 131, 139, 141, 142, 143, 144, 145, 146, 147, 148, 149, 150, 151, 152, 153, 154], "excluded_lines": []}, "validate_dates": {"executed_lines": [], "summary": {"covered_lines": 0, "num_statements": 11, "percent_covered": 0.0, "percent_covered_display": "0", "missing_lines": 11, "excluded_lines": 0}, "missing_lines": [158, 159, 160, 161, 162, 163, 167, 168, 169, 170, 171], "excluded_lines": []}, "": {"executed_lines": [], "summary": {"covered_lines": 0, "num_statements": 14, "percent_covered": 0.0, "percent_covered_display": "0", "missing_lines": 14, "excluded_lines": 0}, "missing_lines": [1, 2, 4, 6, 12, 25, 34, 43, 53, 60, 96, 121, 127, 157], "excluded_lines": []}}, "classes": {"": {"executed_lines": [], "summary": {"covered_lines": 0, "num_statements": 119, "percent_covered": 0.0, "percent_covered_display": "0", "missing_lines": 119, "excluded_lines": 0}, "missing_lines": [1, 2, 4, 6, 12, 13, 14, 15, 16, 17, 18, 19, 20, 22, 25, 26, 27, 28, 29, 31, 34, 35, 36, 37, 38, 40, 43, 44, 45, 46, 47, 48, 49, 50, 53, 54, 55, 57, 60, 63, 66, 67, 68, 69, 70, 73, 74, 75, 76, 77, 78, 81, 82, 83, 84, 86, 87, 88, 89, 90, 91, 92, 93, 96, 98, 99, 100, 101, 102, 103, 104, 105, 106, 107, 108, 109, 110, 112, 113, 114, 115, 117, 118, 121, 122, 123, 124, 127, 128, 129, 130, 131, 139, 141, 142, 143, 144, 145, 146, 147, 148, 149, 150, 151, 152, 153, 154, 157, 158, 159, 160, 161, 162, 163, 167, 168, 169, 170, 171], "excluded_lines": []}}}, "src/pybaseballstats/utils/retrosheet_utils.py": {"executed_lines": [1, 3, 4, 6, 12, 13, 15, 16, 17, 18, 19, 20, 22, 23, 24, 25, 26, 28, 30, 35, 41, 44, 56, 59, 61], "summary": {"covered_lines": 25, "num_statements": 25, "percent_covered": 100.0, "percent_covered_display": "100", "missing_lines": 0, "excluded_lines": 0}, "missing_lines": [], "excluded_lines": [], "functions": {"_get_people_data": {"executed_lines": [15, 16, 17, 18, 19, 20, 22, 23, 24, 25, 26, 28, 30, 35, 41, 44, 56], "summary": {"covered_lines": 17, "num_statements": 17, "percent_covered": 100.0, "percent_covered_display": "100", "missing_lines": 0, "excluded_lines": 0}, "missing_lines": [], "excluded_lines": []}, "_clear_people_cache": {"executed_lines": [61], "summary": {"covered_lines": 1, "num_statements": 1, "percent_covered": 100.0, "percent_covered_display": "100", "missing_lines": 0, "excluded_lines": 0}, "missing_lines": [], "excluded_lines": []}, "": {"executed_lines": [1, 3, 4, 6, 12, 13, 59], "summary": {"covered_lines": 7, "num_statements": 7, "percent_covered": 100.0, "percent_covered_display": "100", "missing_lines": 0, "excluded_lines": 0}, "missing_lines": [], "excluded_lines": []}}, "classes": {"": {"executed_lines": [1, 3, 4, 6, 12, 13, 15, 16, 17, 18, 19, 20, 22, 23, 24, 25, 26, 28, 30, 35, 41, 44, 56, 59, 61], "summary": {"covered_lines": 25, "num_statements": 25, "percent_covered": 100.0, "percent_covered_display": "100", "missing_lines": 0, "excluded_lines": 0}, "missing_lines": [], "excluded_lines": []}}}, "src/pybaseballstats/utils/statcast_utils.py": {"executed_lines": [1, 2, 3, 4, 6, 7, 8, 9, 10, 12, 18, 19, 76, 77, 78, 79, 80, 81, 115, 116, 118, 119, 123, 125, 126, 127, 129, 132, 136, 138, 143, 144, 145, 146, 147, 149, 151, 160, 163, 164, 165, 166, 172, 174, 175, 176, 177, 178, 179, 187, 188, 191, 202, 203, 204, 207, 208, 209, 210, 211, 213, 217, 226, 227, 228, 229, 231, 232, 233, 234, 236, 241, 243, 244, 245], "summary": {"covered_lines": 75, "num_statements": 132, "percent_covered": 56.81818181818182, "percent_covered_display": "57", "missing_lines": 57, "excluded_lines": 0}, "missing_lines": [22, 23, 24, 25, 27, 28, 44, 50, 55, 56, 57, 59, 63, 64, 65, 66, 67, 68, 69, 83, 84, 85, 86, 88, 89, 90, 91, 92, 95, 97, 98, 100, 101, 102, 103, 106, 108, 109, 110, 111, 112, 121, 152, 153, 155, 156, 181, 182, 183, 184, 185, 205, 206, 212, 235, 237, 242], "excluded_lines": [], "functions": {"get_page": {"executed_lines": [], "summary": {"covered_lines": 0, "num_statements": 19, "percent_covered": 0.0, "percent_covered_display": "0", "missing_lines": 19, "excluded_lines": 0}, "missing_lines": [22, 23, 24, 25, 27, 28, 44, 50, 55, 56, 57, 59, 63, 64, 65, 66, 67, 68, 69], "excluded_lines": []}, "_fetch_data": {"executed_lines": [77, 78, 79, 80, 81], "summary": {"covered_lines": 5, "num_statements": 27, "percent_covered": 18.51851851851852, "percent_covered_display": "19", "missing_lines": 22, "excluded_lines": 0}, "missing_lines": [83, 84, 85, 86, 88, 89, 90, 91, 92, 95, 97, 98, 100, 101, 102, 103, 106, 108, 109, 110, 111, 112], "excluded_lines": []}, "_fetch_all_data": {"executed_lines": [116, 118, 119, 123, 125, 129, 132, 136, 138, 143, 144, 145, 146, 147, 149, 151, 160], "summary": {"covered_lines": 17, "num_statements": 22, "percent_covered": 77.27272727272727, "percent_covered_display": "77", "missing_lines": 5, "excluded_lines": 0}, "missing_lines": [121, 152, 153, 155, 156], "excluded_lines": []}, "_fetch_all_data._fetch_data_with_semaphore": {"executed_lines": [126, 127], "summary": {"covered_lines": 2, "num_statements": 2, "percent_covered": 100.0, "percent_covered_display": "100", "missing_lines": 0, "excluded_lines": 0}, "missing_lines": [], "excluded_lines": []}, "_load_all_data": {"executed_lines": [164, 165, 166, 172, 174, 175, 176, 177, 178, 179, 187, 188], "summary": {"covered_lines": 12, "num_statements": 17, "percent_covered": 70.58823529411765, "percent_covered_display": "71", "missing_lines": 5, "excluded_lines": 0}, "missing_lines": [181, 182, 183, 184, 185], "excluded_lines": []}, "_handle_dates": {"executed_lines": [202, 203, 204, 207, 208, 209, 210, 211, 213], "summary": {"covered_lines": 9, "num_statements": 12, "percent_covered": 75.0, "percent_covered_display": "75", "missing_lines": 3, "excluded_lines": 0}, "missing_lines": [205, 206, 212], "excluded_lines": []}, "_create_date_ranges": {"executed_lines": [226, 227, 228, 229, 231, 232, 233, 234, 236, 241, 243, 244, 245], "summary": {"covered_lines": 13, "num_statements": 16, "percent_covered": 81.25, "percent_covered_display": "81", "missing_lines": 3, "excluded_lines": 0}, "missing_lines": [235, 237, 242], "excluded_lines": []}, "": {"executed_lines": [1, 2, 3, 4, 6, 7, 8, 9, 10, 12, 18, 19, 76, 115, 163, 191, 217], "summary": {"covered_lines": 17, "num_statements": 17, "percent_covered": 100.0, "percent_covered_display": "100", "missing_lines": 0, "excluded_lines": 0}, "missing_lines": [], "excluded_lines": []}}, "classes": {"": {"executed_lines": [1, 2, 3, 4, 6, 7, 8, 9, 10, 12, 18, 19, 76, 77, 78, 79, 80, 81, 115, 116, 118, 119, 123, 125, 126, 127, 129, 132, 136, 138, 143, 144, 145, 146, 147, 149, 151, 160, 163, 164, 165, 166, 172, 174, 175, 176, 177, 178, 179, 187, 188, 191, 202, 203, 204, 207, 208, 209, 210, 211, 213, 217, 226, 227, 228, 229, 231, 232, 233, 234, 236, 241, 243, 244, 245], "summary": {"covered_lines": 75, "num_statements": 132, "percent_covered": 56.81818181818182, "percent_covered_display": "57", "missing_lines": 57, "excluded_lines": 0}, "missing_lines": [22, 23, 24, 25, 27, 28, 44, 50, 55, 56, 57, 59, 63, 64, 65, 66, 67, 68, 69, 83, 84, 85, 86, 88, 89, 90, 91, 92, 95, 97, 98, 100, 101, 102, 103, 106, 108, 109, 110, 111, 112, 121, 152, 153, 155, 156, 181, 182, 183, 184, 185, 205, 206, 212, 235, 237, 242], "excluded_lines": []}}}}, "totals": {"covered_lines": 871, "num_statements": 1430, "percent_covered": 60.90909090909091, "percent_covered_display": "61", "missing_lines": 559, "excluded_lines": 0}}