{"meta": {"format": 3, "version": "7.13.5", "timestamp": "2026-04-12T17:10:47.516571", "branch_coverage": false, "show_contexts": false}, "files": {"src/pybaseballstats/__init__.py": {"executed_lines": [], "summary": {"covered_lines": 0, "num_statements": 0, "percent_covered": 100.0, "percent_covered_display": "100", "missing_lines": 0, "excluded_lines": 0, "percent_statements_covered": 100.0, "percent_statements_covered_display": "100"}, "missing_lines": [], "excluded_lines": [], "functions": {"": {"executed_lines": [], "summary": {"covered_lines": 0, "num_statements": 0, "percent_covered": 100.0, "percent_covered_display": "100", "missing_lines": 0, "excluded_lines": 0, "percent_statements_covered": 100.0, "percent_statements_covered_display": "100"}, "missing_lines": [], "excluded_lines": [], "start_line": 1}}, "classes": {"": {"executed_lines": [], "summary": {"covered_lines": 0, "num_statements": 0, "percent_covered": 100.0, "percent_covered_display": "100", "missing_lines": 0, "excluded_lines": 0, "percent_statements_covered": 100.0, "percent_statements_covered_display": "100"}, "missing_lines": [], "excluded_lines": [], "start_line": 1}}}, "src/pybaseballstats/bref_draft.py": {"executed_lines": [1, 2, 4, 9, 15, 18, 21, 35, 36, 37, 38, 39, 40, 43, 44, 45, 46, 47, 50, 53, 67, 68, 69, 70, 74, 75, 76, 77, 79, 80, 81, 82, 84, 85, 86, 87, 89, 94, 95, 98, 99], "summary": {"covered_lines": 41, "num_statements": 43, "percent_covered": 95.34883720930233, "percent_covered_display": "95", "missing_lines": 2, "excluded_lines": 0, "percent_statements_covered": 95.34883720930233, "percent_statements_covered_display": "95"}, "missing_lines": [83, 90], "excluded_lines": [], "functions": {"draft_order_by_year_round": {"executed_lines": [35, 36, 37, 38, 39, 40, 43, 44, 45, 46, 47, 50], "summary": {"covered_lines": 12, "num_statements": 12, "percent_covered": 100.0, "percent_covered_display": "100", "missing_lines": 0, "excluded_lines": 0, "percent_statements_covered": 100.0, "percent_statements_covered_display": "100"}, "missing_lines": [], "excluded_lines": [], "start_line": 21}, "franchise_draft_order": {"executed_lines": [67, 68, 69, 70, 74, 75, 76, 77, 79, 80, 81, 82, 84, 85, 86, 87, 89, 94, 95, 98, 99], "summary": {"covered_lines": 21, "num_statements": 23, "percent_covered": 91.30434782608695, "percent_covered_display": "91", "missing_lines": 2, "excluded_lines": 0, "percent_statements_covered": 91.30434782608695, "percent_statements_covered_display": "91"}, "missing_lines": [83, 90], "excluded_lines": [], "start_line": 53}, "": {"executed_lines": [1, 2, 4, 9, 15, 18, 21, 53], "summary": {"covered_lines": 8, "num_statements": 8, "percent_covered": 100.0, "percent_covered_display": "100", "missing_lines": 0, "excluded_lines": 0, "percent_statements_covered": 100.0, "percent_statements_covered_display": "100"}, "missing_lines": [], "excluded_lines": [], "start_line": 1}}, "classes": {"": {"executed_lines": [1, 2, 4, 9, 15, 18, 21, 35, 36, 37, 38, 39, 40, 43, 44, 45, 46, 47, 50, 53, 67, 68, 69, 70, 74, 75, 76, 77, 79, 80, 81, 82, 84, 85, 86, 87, 89, 94, 95, 98, 99], "summary": {"covered_lines": 41, "num_statements": 43, "percent_covered": 95.34883720930233, "percent_covered_display": "95", "missing_lines": 2, "excluded_lines": 0, "percent_statements_covered": 95.34883720930233, "percent_statements_covered_display": "95"}, "missing_lines": [83, 90], "excluded_lines": [], "start_line": 1}}}, "src/pybaseballstats/bref_managers.py": {"executed_lines": [1, 2, 4, 8, 13, 14, 17, 31, 32, 33, 34, 35, 36, 38, 39, 40, 43, 51, 52, 54, 55, 56, 57, 63, 66, 80, 81, 82, 83, 84, 85, 87, 88, 89, 90, 91, 92, 100], "summary": {"covered_lines": 38, "num_statements": 38, "percent_covered": 100.0, "percent_covered_display": "100", "missing_lines": 0, "excluded_lines": 0, "percent_statements_covered": 100.0, "percent_statements_covered_display": "100"}, "missing_lines": [], "excluded_lines": [], "functions": {"managers_basic_data": {"executed_lines": [31, 32, 33, 34, 35, 36, 38, 39, 40, 43, 51, 52, 54, 55, 56, 57, 63], "summary": {"covered_lines": 17, "num_statements": 17, "percent_covered": 100.0, "percent_covered_display": "100", "missing_lines": 0, "excluded_lines": 0, "percent_statements_covered": 100.0, "percent_statements_covered_display": "100"}, "missing_lines": [], "excluded_lines": [], "start_line": 17}, "managers_tendencies_data": {"executed_lines": [80, 81, 82, 83, 84, 85, 87, 88, 89, 90, 91, 92, 100], "summary": {"covered_lines": 13, "num_statements": 13, "percent_covered": 100.0, "percent_covered_display": "100", "missing_lines": 0, "excluded_lines": 0, "percent_statements_covered": 100.0, "percent_statements_covered_display": "100"}, "missing_lines": [], "excluded_lines": [], "start_line": 66}, "": {"executed_lines": [1, 2, 4, 8, 13, 14, 17, 66], "summary": {"covered_lines": 8, "num_statements": 8, "percent_covered": 100.0, "percent_covered_display": "100", "missing_lines": 0, "excluded_lines": 0, "percent_statements_covered": 100.0, "percent_statements_covered_display": "100"}, "missing_lines": [], "excluded_lines": [], "start_line": 1}}, "classes": {"": {"executed_lines": [1, 2, 4, 8, 13, 14, 17, 31, 32, 33, 34, 35, 36, 38, 39, 40, 43, 51, 52, 54, 55, 56, 57, 63, 66, 80, 81, 82, 83, 84, 85, 87, 88, 89, 90, 91, 92, 100], "summary": {"covered_lines": 38, "num_statements": 38, "percent_covered": 100.0, "percent_covered_display": "100", "missing_lines": 0, "excluded_lines": 0, "percent_statements_covered": 100.0, "percent_statements_covered_display": "100"}, "missing_lines": [], "excluded_lines": [], "start_line": 1}}}, "src/pybaseballstats/bref_single_player.py": {"executed_lines": [1, 2, 5, 9, 14, 15, 27, 37, 38, 39, 42, 44, 47, 48, 49, 50, 54, 55, 56, 59, 62, 65, 74, 75, 76, 79, 80, 83, 84, 85, 86, 87, 88, 89, 92, 95, 98, 107, 108, 109, 112, 113, 116, 117, 118, 119, 122, 123, 125, 129, 132, 138, 141, 150, 151, 152, 155, 156, 157, 158, 159, 160, 161, 162, 163, 164, 167, 170, 173, 182, 183, 184, 190, 191, 192, 193, 194, 195, 198, 199, 200, 201, 204, 213, 214, 215, 221, 222, 223, 224, 225, 228, 231, 232, 235, 236, 239, 242, 245, 254, 255, 256, 262, 263, 266, 267, 268, 269, 270, 271, 274, 277, 280, 289, 290, 291, 297, 298, 301, 302, 303, 304, 305, 307, 310, 313], "summary": {"covered_lines": 126, "num_statements": 126, "percent_covered": 100.0, "percent_covered_display": "100", "missing_lines": 0, "excluded_lines": 0, "percent_statements_covered": 100.0, "percent_statements_covered_display": "100"}, "missing_lines": [], "excluded_lines": [], "functions": {"single_player_standard_batting": {"executed_lines": [37, 38, 39, 42, 44, 47, 48, 49, 50, 54, 55, 56, 59, 62], "summary": {"covered_lines": 14, "num_statements": 14, "percent_covered": 100.0, "percent_covered_display": "100", "missing_lines": 0, "excluded_lines": 0, "percent_statements_covered": 100.0, "percent_statements_covered_display": "100"}, "missing_lines": [], "excluded_lines": [], "start_line": 27}, "single_player_value_batting": {"executed_lines": [74, 75, 76, 79, 80, 83, 84, 85, 86, 87, 88, 89, 92, 95], "summary": {"covered_lines": 14, "num_statements": 14, "percent_covered": 100.0, "percent_covered_display": "100", "missing_lines": 0, "excluded_lines": 0, "percent_statements_covered": 100.0, "percent_statements_covered_display": "100"}, "missing_lines": [], "excluded_lines": [], "start_line": 65}, "single_player_advanced_batting": {"executed_lines": [107, 108, 109, 112, 113, 116, 117, 118, 119, 122, 123, 125, 129, 132, 138], "summary": {"covered_lines": 15, "num_statements": 15, "percent_covered": 100.0, "percent_covered_display": "100", "missing_lines": 0, "excluded_lines": 0, "percent_statements_covered": 100.0, "percent_statements_covered_display": "100"}, "missing_lines": [], "excluded_lines": [], "start_line": 98}, "single_player_standard_fielding": {"executed_lines": [150, 151, 152, 155, 156, 157, 158, 159, 160, 161, 162, 163, 164, 167, 170], "summary": {"covered_lines": 15, "num_statements": 15, "percent_covered": 100.0, "percent_covered_display": "100", "missing_lines": 0, "excluded_lines": 0, "percent_statements_covered": 100.0, "percent_statements_covered_display": "100"}, "missing_lines": [], "excluded_lines": [], "start_line": 141}, "single_player_sabermetric_fielding": {"executed_lines": [182, 183, 184, 190, 191, 192, 193, 194, 195, 198, 199, 200, 201], "summary": {"covered_lines": 13, "num_statements": 13, "percent_covered": 100.0, "percent_covered_display": "100", "missing_lines": 0, "excluded_lines": 0, "percent_statements_covered": 100.0, "percent_statements_covered_display": "100"}, "missing_lines": [], "excluded_lines": [], "start_line": 173}, "single_player_standard_pitching": {"executed_lines": [213, 214, 215, 221, 222, 223, 224, 225, 228, 231, 232, 235, 236, 239, 242], "summary": {"covered_lines": 15, "num_statements": 15, "percent_covered": 100.0, "percent_covered_display": "100", "missing_lines": 0, "excluded_lines": 0, "percent_statements_covered": 100.0, "percent_statements_covered_display": "100"}, "missing_lines": [], "excluded_lines": [], "start_line": 204}, "single_player_value_pitching": {"executed_lines": [254, 255, 256, 262, 263, 266, 267, 268, 269, 270, 271, 274, 277], "summary": {"covered_lines": 13, "num_statements": 13, "percent_covered": 100.0, "percent_covered_display": "100", "missing_lines": 0, "excluded_lines": 0, "percent_statements_covered": 100.0, "percent_statements_covered_display": "100"}, "missing_lines": [], "excluded_lines": [], "start_line": 245}, "single_player_advanced_pitching": {"executed_lines": [289, 290, 291, 297, 298, 301, 302, 303, 304, 305, 307, 310, 313], "summary": {"covered_lines": 13, "num_statements": 13, "percent_covered": 100.0, "percent_covered_display": "100", "missing_lines": 0, "excluded_lines": 0, "percent_statements_covered": 100.0, "percent_statements_covered_display": "100"}, "missing_lines": [], "excluded_lines": [], "start_line": 280}, "": {"executed_lines": [1, 2, 5, 9, 14, 15, 27, 65, 98, 141, 173, 204, 245, 280], "summary": {"covered_lines": 14, "num_statements": 14, "percent_covered": 100.0, "percent_covered_display": "100", "missing_lines": 0, "excluded_lines": 0, "percent_statements_covered": 100.0, "percent_statements_covered_display": "100"}, "missing_lines": [], "excluded_lines": [], "start_line": 1}}, "classes": {"": {"executed_lines": [1, 2, 5, 9, 14, 15, 27, 37, 38, 39, 42, 44, 47, 48, 49, 50, 54, 55, 56, 59, 62, 65, 74, 75, 76, 79, 80, 83, 84, 85, 86, 87, 88, 89, 92, 95, 98, 107, 108, 109, 112, 113, 116, 117, 118, 119, 122, 123, 125, 129, 132, 138, 141, 150, 151, 152, 155, 156, 157, 158, 159, 160, 161, 162, 163, 164, 167, 170, 173, 182, 183, 184, 190, 191, 192, 193, 194, 195, 198, 199, 200, 201, 204, 213, 214, 215, 221, 222, 223, 224, 225, 228, 231, 232, 235, 236, 239, 242, 245, 254, 255, 256, 262, 263, 266, 267, 268, 269, 270, 271, 274, 277, 280, 289, 290, 291, 297, 298, 301, 302, 303, 304, 305, 307, 310, 313], "summary": {"covered_lines": 126, "num_statements": 126, "percent_covered": 100.0, "percent_covered_display": "100", "missing_lines": 0, "excluded_lines": 0, "percent_statements_covered": 100.0, "percent_statements_covered_display": "100"}, "missing_lines": [], "excluded_lines": [], "start_line": 1}}}, "src/pybaseballstats/bref_teams.py": {"executed_lines": [1, 2, 4, 11, 17, 19, 49, 64, 65, 66, 67, 68, 69, 70, 72, 73, 74, 76, 77, 78, 81, 84, 98, 99, 100, 101, 102, 106, 107, 108, 109, 112, 113, 114, 115, 122, 137, 138, 139, 142, 143, 144, 145, 146, 147, 149, 150, 151, 152, 153, 154, 157, 171, 172, 173, 176, 177, 178, 179, 180, 181, 182, 183, 184, 185, 186, 187, 188, 191, 205, 206, 207, 210, 211, 212, 213, 214, 215, 216, 217, 218, 219, 220, 222, 223, 228, 229, 232, 246, 247, 248, 251, 252, 253, 254, 255, 256, 257, 260, 261, 262, 263, 264, 265, 268, 282, 283, 284, 287, 288, 289, 290, 291, 292, 293, 294, 295, 296, 297, 298, 299, 302, 316, 317, 318, 321, 322, 323, 324, 325, 326, 327, 330, 331, 332, 333, 334, 335, 338, 352, 353, 354, 357, 358, 359, 360, 361, 362, 363, 366, 367, 369, 370, 371, 372, 375, 389, 390, 391, 394, 395, 396, 397, 398, 399, 400, 403, 404, 405, 406, 407, 408, 411, 425, 426, 427, 430, 431, 432, 433, 434, 435, 436, 437, 438, 439, 440, 441, 442, 445, 459, 460, 461, 464, 465, 466, 467, 468, 469, 470, 473, 474, 475, 478, 492, 493, 494, 497, 498, 499, 500, 501, 502, 504, 505, 506, 507, 508, 509, 512, 524, 525, 526, 529, 530, 531, 532, 533, 534, 535, 536, 537, 538, 539, 540, 541, 544, 556, 557, 558, 561, 562, 563, 564, 565, 566, 567, 568, 569, 570, 571, 572, 573, 576, 588, 589, 590, 593, 594, 595, 596, 597, 598, 599, 600, 601, 602, 603, 605, 606, 609, 622, 623, 624, 627, 628, 629, 630, 631, 632, 633, 636, 637, 638, 639, 640, 641, 642, 645, 658, 659, 660, 663, 664, 665, 666, 667, 668, 669, 672, 673, 674, 675, 676, 677, 680, 692, 693, 694, 697, 698, 699, 700, 701, 702, 703, 704, 705, 706, 707, 708, 709, 712, 725, 726, 727, 730, 731, 732, 733, 734, 735, 736, 737, 738, 739, 740, 741, 742, 745, 757, 758, 759, 762, 763, 764, 765, 766, 767, 768, 771, 772, 773, 774, 775, 776, 779, 791, 792, 793, 796, 797, 798, 799, 800, 801, 802, 805, 808, 809, 810, 811, 813, 819, 821, 822, 824, 827, 829, 830], "summary": {"covered_lines": 380, "num_statements": 385, "percent_covered": 98.7012987012987, "percent_covered_display": "99", "missing_lines": 5, "excluded_lines": 0, "percent_statements_covered": 98.7012987012987, "percent_statements_covered_display": "99"}, "missing_lines": [75, 148, 503, 823, 825], "excluded_lines": [], "functions": {"game_by_game_schedule_results": {"executed_lines": [64, 65, 66, 67, 68, 69, 70, 72, 73, 74, 76, 77, 78, 81], "summary": {"covered_lines": 14, "num_statements": 15, "percent_covered": 93.33333333333333, "percent_covered_display": "93", "missing_lines": 1, "excluded_lines": 0, "percent_statements_covered": 93.33333333333333, "percent_statements_covered_display": "93"}, "missing_lines": [75], "excluded_lines": [], "start_line": 49}, "roster_and_appearances": {"executed_lines": [98, 99, 100, 101, 102, 106, 107, 108, 109, 112, 113, 114, 115], "summary": {"covered_lines": 13, "num_statements": 13, "percent_covered": 100.0, "percent_covered_display": "100", "missing_lines": 0, "excluded_lines": 0, "percent_statements_covered": 100.0, "percent_statements_covered_display": "100"}, "missing_lines": [], "excluded_lines": [], "start_line": 84}, "standard_batting": {"executed_lines": [137, 138, 139, 142, 143, 144, 145, 146, 147, 149, 150, 151, 152, 153, 154], "summary": {"covered_lines": 15, "num_statements": 16, "percent_covered": 93.75, "percent_covered_display": "94", "missing_lines": 1, "excluded_lines": 0, "percent_statements_covered": 93.75, "percent_statements_covered_display": "94"}, "missing_lines": [148], "excluded_lines": [], "start_line": 122}, "value_batting": {"executed_lines": [171, 172, 173, 176, 177, 178, 179, 180, 181, 182, 183, 184, 185, 186, 187, 188], "summary": {"covered_lines": 16, "num_statements": 16, "percent_covered": 100.0, "percent_covered_display": "100", "missing_lines": 0, "excluded_lines": 0, "percent_statements_covered": 100.0, "percent_statements_covered_display": "100"}, "missing_lines": [], "excluded_lines": [], "start_line": 157}, "advanced_batting": {"executed_lines": [205, 206, 207, 210, 211, 212, 213, 214, 215, 216, 217, 218, 219, 220, 222, 223, 228, 229], "summary": {"covered_lines": 18, "num_statements": 18, "percent_covered": 100.0, "percent_covered_display": "100", "missing_lines": 0, "excluded_lines": 0, "percent_statements_covered": 100.0, "percent_statements_covered_display": "100"}, "missing_lines": [], "excluded_lines": [], "start_line": 191}, "sabermetric_batting": {"executed_lines": [246, 247, 248, 251, 252, 253, 254, 255, 256, 257, 260, 261, 262, 263, 264, 265], "summary": {"covered_lines": 16, "num_statements": 16, "percent_covered": 100.0, "percent_covered_display": "100", "missing_lines": 0, "excluded_lines": 0, "percent_statements_covered": 100.0, "percent_statements_covered_display": "100"}, "missing_lines": [], "excluded_lines": [], "start_line": 232}, "ratio_batting": {"executed_lines": [282, 283, 284, 287, 288, 289, 290, 291, 292, 293, 294, 295, 296, 297, 298, 299], "summary": {"covered_lines": 16, "num_statements": 16, "percent_covered": 100.0, "percent_covered_display": "100", "missing_lines": 0, "excluded_lines": 0, "percent_statements_covered": 100.0, "percent_statements_covered_display": "100"}, "missing_lines": [], "excluded_lines": [], "start_line": 268}, "win_probability_batting": {"executed_lines": [316, 317, 318, 321, 322, 323, 324, 325, 326, 327, 330, 331, 332, 333, 334, 335], "summary": {"covered_lines": 16, "num_statements": 16, "percent_covered": 100.0, "percent_covered_display": "100", "missing_lines": 0, "excluded_lines": 0, "percent_statements_covered": 100.0, "percent_statements_covered_display": "100"}, "missing_lines": [], "excluded_lines": [], "start_line": 302}, "baserunning_batting": {"executed_lines": [352, 353, 354, 357, 358, 359, 360, 361, 362, 363, 366, 367, 369, 370, 371, 372], "summary": {"covered_lines": 16, "num_statements": 16, "percent_covered": 100.0, "percent_covered_display": "100", "missing_lines": 0, "excluded_lines": 0, "percent_statements_covered": 100.0, "percent_statements_covered_display": "100"}, "missing_lines": [], "excluded_lines": [], "start_line": 338}, "situational_batting": {"executed_lines": [389, 390, 391, 394, 395, 396, 397, 398, 399, 400, 403, 404, 405, 406, 407, 408], "summary": {"covered_lines": 16, "num_statements": 16, "percent_covered": 100.0, "percent_covered_display": "100", "missing_lines": 0, "excluded_lines": 0, "percent_statements_covered": 100.0, "percent_statements_covered_display": "100"}, "missing_lines": [], "excluded_lines": [], "start_line": 375}, "pitches_batting": {"executed_lines": [425, 426, 427, 430, 431, 432, 433, 434, 435, 436, 437, 438, 439, 440, 441, 442], "summary": {"covered_lines": 16, "num_statements": 16, "percent_covered": 100.0, "percent_covered_display": "100", "missing_lines": 0, "excluded_lines": 0, "percent_statements_covered": 100.0, "percent_statements_covered_display": "100"}, "missing_lines": [], "excluded_lines": [], "start_line": 411}, "career_cumulative_batting": {"executed_lines": [459, 460, 461, 464, 465, 466, 467, 468, 469, 470, 473, 474, 475], "summary": {"covered_lines": 13, "num_statements": 13, "percent_covered": 100.0, "percent_covered_display": "100", "missing_lines": 0, "excluded_lines": 0, "percent_statements_covered": 100.0, "percent_statements_covered_display": "100"}, "missing_lines": [], "excluded_lines": [], "start_line": 445}, "standard_pitching": {"executed_lines": [492, 493, 494, 497, 498, 499, 500, 501, 502, 504, 505, 506, 507, 508, 509], "summary": {"covered_lines": 15, "num_statements": 16, "percent_covered": 93.75, "percent_covered_display": "94", "missing_lines": 1, "excluded_lines": 0, "percent_statements_covered": 93.75, "percent_statements_covered_display": "94"}, "missing_lines": [503], "excluded_lines": [], "start_line": 478}, "value_pitching": {"executed_lines": [524, 525, 526, 529, 530, 531, 532, 533, 534, 535, 536, 537, 538, 539, 540, 541], "summary": {"covered_lines": 16, "num_statements": 16, "percent_covered": 100.0, "percent_covered_display": "100", "missing_lines": 0, "excluded_lines": 0, "percent_statements_covered": 100.0, "percent_statements_covered_display": "100"}, "missing_lines": [], "excluded_lines": [], "start_line": 512}, "advanced_pitching": {"executed_lines": [556, 557, 558, 561, 562, 563, 564, 565, 566, 567, 568, 569, 570, 571, 572, 573], "summary": {"covered_lines": 16, "num_statements": 16, "percent_covered": 100.0, "percent_covered_display": "100", "missing_lines": 0, "excluded_lines": 0, "percent_statements_covered": 100.0, "percent_statements_covered_display": "100"}, "missing_lines": [], "excluded_lines": [], "start_line": 544}, "ratio_pitching": {"executed_lines": [588, 589, 590, 593, 594, 595, 596, 597, 598, 599, 600, 601, 602, 603, 605, 606], "summary": {"covered_lines": 16, "num_statements": 16, "percent_covered": 100.0, "percent_covered_display": "100", "missing_lines": 0, "excluded_lines": 0, "percent_statements_covered": 100.0, "percent_statements_covered_display": "100"}, "missing_lines": [], "excluded_lines": [], "start_line": 576}, "batting_against_pitching": {"executed_lines": [622, 623, 624, 627, 628, 629, 630, 631, 632, 633, 636, 637, 638, 639, 640, 641, 642], "summary": {"covered_lines": 17, "num_statements": 17, "percent_covered": 100.0, "percent_covered_display": "100", "missing_lines": 0, "excluded_lines": 0, "percent_statements_covered": 100.0, "percent_statements_covered_display": "100"}, "missing_lines": [], "excluded_lines": [], "start_line": 609}, "win_probability_pitching": {"executed_lines": [658, 659, 660, 663, 664, 665, 666, 667, 668, 669, 672, 673, 674, 675, 676, 677], "summary": {"covered_lines": 16, "num_statements": 16, "percent_covered": 100.0, "percent_covered_display": "100", "missing_lines": 0, "excluded_lines": 0, "percent_statements_covered": 100.0, "percent_statements_covered_display": "100"}, "missing_lines": [], "excluded_lines": [], "start_line": 645}, "starting_pitching": {"executed_lines": [692, 693, 694, 697, 698, 699, 700, 701, 702, 703, 704, 705, 706, 707, 708, 709], "summary": {"covered_lines": 16, "num_statements": 16, "percent_covered": 100.0, "percent_covered_display": "100", "missing_lines": 0, "excluded_lines": 0, "percent_statements_covered": 100.0, "percent_statements_covered_display": "100"}, "missing_lines": [], "excluded_lines": [], "start_line": 680}, "relief_pitching": {"executed_lines": [725, 726, 727, 730, 731, 732, 733, 734, 735, 736, 737, 738, 739, 740, 741, 742], "summary": {"covered_lines": 16, "num_statements": 16, "percent_covered": 100.0, "percent_covered_display": "100", "missing_lines": 0, "excluded_lines": 0, "percent_statements_covered": 100.0, "percent_statements_covered_display": "100"}, "missing_lines": [], "excluded_lines": [], "start_line": 712}, "baserunning_situational_pitching": {"executed_lines": [757, 758, 759, 762, 763, 764, 765, 766, 767, 768, 771, 772, 773, 774, 775, 776], "summary": {"covered_lines": 16, "num_statements": 16, "percent_covered": 100.0, "percent_covered_display": "100", "missing_lines": 0, "excluded_lines": 0, "percent_statements_covered": 100.0, "percent_statements_covered_display": "100"}, "missing_lines": [], "excluded_lines": [], "start_line": 745}, "career_cumulative_pitching": {"executed_lines": [791, 792, 793, 796, 797, 798, 799, 800, 801, 802, 805, 808, 809, 810, 811, 813, 819, 821, 822, 824, 827, 829, 830], "summary": {"covered_lines": 23, "num_statements": 25, "percent_covered": 92.0, "percent_covered_display": "92", "missing_lines": 2, "excluded_lines": 0, "percent_statements_covered": 92.0, "percent_statements_covered_display": "92"}, "missing_lines": [823, 825], "excluded_lines": [], "start_line": 779}, "": {"executed_lines": [1, 2, 4, 11, 17, 19, 49, 84, 122, 157, 191, 232, 268, 302, 338, 375, 411, 445, 478, 512, 544, 576, 609, 645, 680, 712, 745, 779], "summary": {"covered_lines": 28, "num_statements": 28, "percent_covered": 100.0, "percent_covered_display": "100", "missing_lines": 0, "excluded_lines": 0, "percent_statements_covered": 100.0, "percent_statements_covered_display": "100"}, "missing_lines": [], "excluded_lines": [], "start_line": 1}}, "classes": {"": {"executed_lines": [1, 2, 4, 11, 17, 19, 49, 64, 65, 66, 67, 68, 69, 70, 72, 73, 74, 76, 77, 78, 81, 84, 98, 99, 100, 101, 102, 106, 107, 108, 109, 112, 113, 114, 115, 122, 137, 138, 139, 142, 143, 144, 145, 146, 147, 149, 150, 151, 152, 153, 154, 157, 171, 172, 173, 176, 177, 178, 179, 180, 181, 182, 183, 184, 185, 186, 187, 188, 191, 205, 206, 207, 210, 211, 212, 213, 214, 215, 216, 217, 218, 219, 220, 222, 223, 228, 229, 232, 246, 247, 248, 251, 252, 253, 254, 255, 256, 257, 260, 261, 262, 263, 264, 265, 268, 282, 283, 284, 287, 288, 289, 290, 291, 292, 293, 294, 295, 296, 297, 298, 299, 302, 316, 317, 318, 321, 322, 323, 324, 325, 326, 327, 330, 331, 332, 333, 334, 335, 338, 352, 353, 354, 357, 358, 359, 360, 361, 362, 363, 366, 367, 369, 370, 371, 372, 375, 389, 390, 391, 394, 395, 396, 397, 398, 399, 400, 403, 404, 405, 406, 407, 408, 411, 425, 426, 427, 430, 431, 432, 433, 434, 435, 436, 437, 438, 439, 440, 441, 442, 445, 459, 460, 461, 464, 465, 466, 467, 468, 469, 470, 473, 474, 475, 478, 492, 493, 494, 497, 498, 499, 500, 501, 502, 504, 505, 506, 507, 508, 509, 512, 524, 525, 526, 529, 530, 531, 532, 533, 534, 535, 536, 537, 538, 539, 540, 541, 544, 556, 557, 558, 561, 562, 563, 564, 565, 566, 567, 568, 569, 570, 571, 572, 573, 576, 588, 589, 590, 593, 594, 595, 596, 597, 598, 599, 600, 601, 602, 603, 605, 606, 609, 622, 623, 624, 627, 628, 629, 630, 631, 632, 633, 636, 637, 638, 639, 640, 641, 642, 645, 658, 659, 660, 663, 664, 665, 666, 667, 668, 669, 672, 673, 674, 675, 676, 677, 680, 692, 693, 694, 697, 698, 699, 700, 701, 702, 703, 704, 705, 706, 707, 708, 709, 712, 725, 726, 727, 730, 731, 732, 733, 734, 735, 736, 737, 738, 739, 740, 741, 742, 745, 757, 758, 759, 762, 763, 764, 765, 766, 767, 768, 771, 772, 773, 774, 775, 776, 779, 791, 792, 793, 796, 797, 798, 799, 800, 801, 802, 805, 808, 809, 810, 811, 813, 819, 821, 822, 824, 827, 829, 830], "summary": {"covered_lines": 380, "num_statements": 385, "percent_covered": 98.7012987012987, "percent_covered_display": "99", "missing_lines": 5, "excluded_lines": 0, "percent_statements_covered": 98.7012987012987, "percent_statements_covered_display": "99"}, "missing_lines": [75, 148, 503, 823, 825], "excluded_lines": [], "start_line": 1}}}, "src/pybaseballstats/consts/__init__.py": {"executed_lines": [1, 9], "summary": {"covered_lines": 2, "num_statements": 2, "percent_covered": 100.0, "percent_covered_display": "100", "missing_lines": 0, "excluded_lines": 0, "percent_statements_covered": 100.0, "percent_statements_covered_display": "100"}, "missing_lines": [], "excluded_lines": [], "functions": {"": {"executed_lines": [1, 9], "summary": {"covered_lines": 2, "num_statements": 2, "percent_covered": 100.0, "percent_covered_display": "100", "missing_lines": 0, "excluded_lines": 0, "percent_statements_covered": 100.0, "percent_statements_covered_display": "100"}, "missing_lines": [], "excluded_lines": [], "start_line": 1}}, "classes": {"": {"executed_lines": [1, 9], "summary": {"covered_lines": 2, "num_statements": 2, "percent_covered": 100.0, "percent_covered_display": "100", "missing_lines": 0, "excluded_lines": 0, "percent_statements_covered": 100.0, "percent_statements_covered_display": "100"}, "missing_lines": [], "excluded_lines": [], "start_line": 1}}}, "src/pybaseballstats/consts/bref_consts.py": {"executed_lines": [1, 5, 6, 7, 8, 9, 10, 11, 12, 13, 14, 15, 16, 17, 18, 19, 20, 21, 22, 23, 24, 25, 26, 27, 28, 29, 30, 31, 32, 33, 34, 35, 37, 38, 46, 92, 93, 96, 99, 102, 105, 111, 114, 116, 119], "summary": {"covered_lines": 45, "num_statements": 46, "percent_covered": 97.82608695652173, "percent_covered_display": "98", "missing_lines": 1, "excluded_lines": 0, "percent_statements_covered": 97.82608695652173, "percent_statements_covered_display": "98"}, "missing_lines": [39], "excluded_lines": [], "functions": {"BREFTeams.show_options": {"executed_lines": [], "summary": {"covered_lines": 0, "num_statements": 1, "percent_covered": 0.0, "percent_covered_display": "0", "missing_lines": 1, "excluded_lines": 0, "percent_statements_covered": 0.0, "percent_statements_covered_display": "0"}, "missing_lines": [39], "excluded_lines": [], "start_line": 38}, "": {"executed_lines": [1, 5, 6, 7, 8, 9, 10, 11, 12, 13, 14, 15, 16, 17, 18, 19, 20, 21, 22, 23, 24, 25, 26, 27, 28, 29, 30, 31, 32, 33, 34, 35, 37, 38, 46, 92, 93, 96, 99, 102, 105, 111, 114, 116, 119], "summary": {"covered_lines": 45, "num_statements": 45, "percent_covered": 100.0, "percent_covered_display": "100", "missing_lines": 0, "excluded_lines": 0, "percent_statements_covered": 100.0, "percent_statements_covered_display": "100"}, "missing_lines": [], "excluded_lines": [], "start_line": 1}}, "classes": {"BREFTeams": {"executed_lines": [], "summary": {"covered_lines": 0, "num_statements": 1, "percent_covered": 0.0, "percent_covered_display": "0", "missing_lines": 1, "excluded_lines": 0, "percent_statements_covered": 0.0, "percent_statements_covered_display": "0"}, "missing_lines": [39], "excluded_lines": [], "start_line": 5}, "": {"executed_lines": [1, 5, 6, 7, 8, 9, 10, 11, 12, 13, 14, 15, 16, 17, 18, 19, 20, 21, 22, 23, 24, 25, 26, 27, 28, 29, 30, 31, 32, 33, 34, 35, 37, 38, 46, 92, 93, 96, 99, 102, 105, 111, 114, 116, 119], "summary": {"covered_lines": 45, "num_statements": 45, "percent_covered": 100.0, "percent_covered_display": "100", "missing_lines": 0, "excluded_lines": 0, "percent_statements_covered": 100.0, "percent_statements_covered_display": "100"}, "missing_lines": [], "excluded_lines": [], "start_line": 1}}}, "src/pybaseballstats/consts/retrosheet_consts.py": {"executed_lines": [1, 2, 15], "summary": {"covered_lines": 3, "num_statements": 3, "percent_covered": 100.0, "percent_covered_display": "100", "missing_lines": 0, "excluded_lines": 0, "percent_statements_covered": 100.0, "percent_statements_covered_display": "100"}, "missing_lines": [], "excluded_lines": [], "functions": {"": {"executed_lines": [1, 2, 15], "summary": {"covered_lines": 3, "num_statements": 3, "percent_covered": 100.0, "percent_covered_display": "100", "missing_lines": 0, "excluded_lines": 0, "percent_statements_covered": 100.0, "percent_statements_covered_display": "100"}, "missing_lines": [], "excluded_lines": [], "start_line": 1}}, "classes": {"": {"executed_lines": [1, 2, 15], "summary": {"covered_lines": 3, "num_statements": 3, "percent_covered": 100.0, "percent_covered_display": "100", "missing_lines": 0, "excluded_lines": 0, "percent_statements_covered": 100.0, "percent_statements_covered_display": "100"}, "missing_lines": [], "excluded_lines": [], "start_line": 1}}}, "src/pybaseballstats/consts/statcast_consts.py": {"executed_lines": [1, 2, 5, 6, 7, 8, 9, 10, 11, 12, 13, 14, 15, 16, 17, 18, 19, 20, 21, 22, 23, 24, 25, 26, 27, 28, 29, 30, 31, 32, 33, 34, 35, 41, 42, 46, 47, 48, 62, 63], "summary": {"covered_lines": 40, "num_statements": 41, "percent_covered": 97.5609756097561, "percent_covered_display": "98", "missing_lines": 1, "excluded_lines": 0, "percent_statements_covered": 97.5609756097561, "percent_statements_covered_display": "98"}, "missing_lines": [43], "excluded_lines": [], "functions": {"StatcastTeams.show_options": {"executed_lines": [], "summary": {"covered_lines": 0, "num_statements": 1, "percent_covered": 0.0, "percent_covered_display": "0", "missing_lines": 1, "excluded_lines": 0, "percent_statements_covered": 0.0, "percent_statements_covered_display": "0"}, "missing_lines": [43], "excluded_lines": [], "start_line": 42}, "": {"executed_lines": [1, 2, 5, 6, 7, 8, 9, 10, 11, 12, 13, 14, 15, 16, 17, 18, 19, 20, 21, 22, 23, 24, 25, 26, 27, 28, 29, 30, 31, 32, 33, 34, 35, 41, 42, 46, 47, 48, 62, 63], "summary": {"covered_lines": 40, "num_statements": 40, "percent_covered": 100.0, "percent_covered_display": "100", "missing_lines": 0, "excluded_lines": 0, "percent_statements_covered": 100.0, "percent_statements_covered_display": "100"}, "missing_lines": [], "excluded_lines": [], "start_line": 1}}, "classes": {"StatcastTeams": {"executed_lines": [], "summary": {"covered_lines": 0, "num_statements": 1, "percent_covered": 0.0, "percent_covered_display": "0", "missing_lines": 1, "excluded_lines": 0, "percent_statements_covered": 0.0, "percent_statements_covered_display": "0"}, "missing_lines": [43], "excluded_lines": [], "start_line": 5}, "": {"executed_lines": [1, 2, 5, 6, 7, 8, 9, 10, 11, 12, 13, 14, 15, 16, 17, 18, 19, 20, 21, 22, 23, 24, 25, 26, 27, 28, 29, 30, 31, 32, 33, 34, 35, 41, 42, 46, 47, 48, 62, 63], "summary": {"covered_lines": 40, "num_statements": 40, "percent_covered": 100.0, "percent_covered_display": "100", "missing_lines": 0, "excluded_lines": 0, "percent_statements_covered": 100.0, "percent_statements_covered_display": "100"}, "missing_lines": [], "excluded_lines": [], "start_line": 1}}}, "src/pybaseballstats/consts/statcast_leaderboard_consts.py": {"executed_lines": [1, 3, 4, 5, 6, 7, 8, 11, 12, 13, 14, 15, 16, 17, 18, 19, 20, 21, 22, 23, 24, 25, 26, 27, 28, 29, 30, 31, 32, 33, 34, 35, 36, 37, 38, 39, 40, 41, 47, 48, 52], "summary": {"covered_lines": 41, "num_statements": 42, "percent_covered": 97.61904761904762, "percent_covered_display": "98", "missing_lines": 1, "excluded_lines": 0, "percent_statements_covered": 97.61904761904762, "percent_statements_covered_display": "98"}, "missing_lines": [49], "excluded_lines": [], "functions": {"StatcastLeaderboardsTeams.show_options": {"executed_lines": [], "summary": {"covered_lines": 0, "num_statements": 1, "percent_covered": 0.0, "percent_covered_display": "0", "missing_lines": 1, "excluded_lines": 0, "percent_statements_covered": 0.0, "percent_statements_covered_display": "0"}, "missing_lines": [49], "excluded_lines": [], "start_line": 48}, "": {"executed_lines": [1, 3, 4, 5, 6, 7, 8, 11, 12, 13, 14, 15, 16, 17, 18, 19, 20, 21, 22, 23, 24, 25, 26, 27, 28, 29, 30, 31, 32, 33, 34, 35, 36, 37, 38, 39, 40, 41, 47, 48, 52], "summary": {"covered_lines": 41, "num_statements": 41, "percent_covered": 100.0, "percent_covered_display": "100", "missing_lines": 0, "excluded_lines": 0, "percent_statements_covered": 100.0, "percent_statements_covered_display": "100"}, "missing_lines": [], "excluded_lines": [], "start_line": 1}}, "classes": {"StatcastLeaderboardsTeams": {"executed_lines": [], "summary": {"covered_lines": 0, "num_statements": 1, "percent_covered": 0.0, "percent_covered_display": "0", "missing_lines": 1, "excluded_lines": 0, "percent_statements_covered": 0.0, "percent_statements_covered_display": "0"}, "missing_lines": [49], "excluded_lines": [], "start_line": 11}, "": {"executed_lines": [1, 3, 4, 5, 6, 7, 8, 11, 12, 13, 14, 15, 16, 17, 18, 19, 20, 21, 22, 23, 24, 25, 26, 27, 28, 29, 30, 31, 32, 33, 34, 35, 36, 37, 38, 39, 40, 41, 47, 48, 52], "summary": {"covered_lines": 41, "num_statements": 41, "percent_covered": 100.0, "percent_covered_display": "100", "missing_lines": 0, "excluded_lines": 0, "percent_statements_covered": 100.0, "percent_statements_covered_display": "100"}, "missing_lines": [], "excluded_lines": [], "start_line": 1}}}, "src/pybaseballstats/consts/umpire_scorecard_consts.py": {"executed_lines": [1, 4, 5, 6, 7, 8, 9, 10, 11, 12, 13, 14, 15, 16, 17, 18, 19, 20, 21, 22, 23, 24, 25, 26, 27, 28, 29, 30, 31, 32, 33, 34, 36, 37, 41, 42, 43, 44], "summary": {"covered_lines": 38, "num_statements": 39, "percent_covered": 97.43589743589743, "percent_covered_display": "97", "missing_lines": 1, "excluded_lines": 0, "percent_statements_covered": 97.43589743589743, "percent_statements_covered_display": "97"}, "missing_lines": [38], "excluded_lines": [], "functions": {"UmpireScorecardTeams.show_options": {"executed_lines": [], "summary": {"covered_lines": 0, "num_statements": 1, "percent_covered": 0.0, "percent_covered_display": "0", "missing_lines": 1, "excluded_lines": 0, "percent_statements_covered": 0.0, "percent_statements_covered_display": "0"}, "missing_lines": [38], "excluded_lines": [], "start_line": 37}, "": {"executed_lines": [1, 4, 5, 6, 7, 8, 9, 10, 11, 12, 13, 14, 15, 16, 17, 18, 19, 20, 21, 22, 23, 24, 25, 26, 27, 28, 29, 30, 31, 32, 33, 34, 36, 37, 41, 42, 43, 44], "summary": {"covered_lines": 38, "num_statements": 38, "percent_covered": 100.0, "percent_covered_display": "100", "missing_lines": 0, "excluded_lines": 0, "percent_statements_covered": 100.0, "percent_statements_covered_display": "100"}, "missing_lines": [], "excluded_lines": [], "start_line": 1}}, "classes": {"UmpireScorecardTeams": {"executed_lines": [], "summary": {"covered_lines": 0, "num_statements": 1, "percent_covered": 0.0, "percent_covered_display": "0", "missing_lines": 1, "excluded_lines": 0, "percent_statements_covered": 0.0, "percent_statements_covered_display": "0"}, "missing_lines": [38], "excluded_lines": [], "start_line": 4}, "": {"executed_lines": [1, 4, 5, 6, 7, 8, 9, 10, 11, 12, 13, 14, 15, 16, 17, 18, 19, 20, 21, 22, 23, 24, 25, 26, 27, 28, 29, 30, 31, 32, 33, 34, 36, 37, 41, 42, 43, 44], "summary": {"covered_lines": 38, "num_statements": 38, "percent_covered": 100.0, "percent_covered_display": "100", "missing_lines": 0, "excluded_lines": 0, "percent_statements_covered": 100.0, "percent_statements_covered_display": "100"}, "missing_lines": [], "excluded_lines": [], "start_line": 1}}}, "src/pybaseballstats/retrosheet.py": {"executed_lines": [1, 2, 4, 5, 6, 8, 12, 14, 17, 38, 39, 40, 41, 42, 43, 45, 48, 49, 50, 51, 54, 55, 56, 57, 58, 61, 97, 98, 108, 110, 113, 138, 143, 146, 147, 149, 150, 151, 152, 153, 154, 156, 157, 158, 159, 160, 161, 163, 164, 166, 167, 168, 169, 171, 175, 176, 177, 178, 179, 181, 182, 183, 184, 185, 187, 188, 189, 190, 194, 196], "summary": {"covered_lines": 70, "num_statements": 77, "percent_covered": 90.9090909090909, "percent_covered_display": "91", "missing_lines": 7, "excluded_lines": 0, "percent_statements_covered": 90.9090909090909, "percent_statements_covered_display": "91"}, "missing_lines": [102, 103, 105, 172, 173, 191, 192], "excluded_lines": [], "functions": {"player_lookup": {"executed_lines": [38, 39, 40, 41, 42, 43, 45, 48, 49, 50, 51, 54, 55, 56, 57, 58, 61, 97, 98, 108, 110], "summary": {"covered_lines": 21, "num_statements": 24, "percent_covered": 87.5, "percent_covered_display": "88", "missing_lines": 3, "excluded_lines": 0, "percent_statements_covered": 87.5, "percent_statements_covered_display": "88"}, "missing_lines": [102, 103, 105], "excluded_lines": [], "start_line": 17}, "ejections_data": {"executed_lines": [138, 143, 146, 147, 149, 150, 151, 152, 153, 154, 156, 157, 158, 159, 160, 161, 163, 164, 166, 167, 168, 169, 171, 175, 176, 177, 178, 179, 181, 182, 183, 184, 185, 187, 188, 189, 190, 194, 196], "summary": {"covered_lines": 39, "num_statements": 43, "percent_covered": 90.69767441860465, "percent_covered_display": "91", "missing_lines": 4, "excluded_lines": 0, "percent_statements_covered": 90.69767441860465, "percent_statements_covered_display": "91"}, "missing_lines": [172, 173, 191, 192], "excluded_lines": [], "start_line": 113}, "": {"executed_lines": [1, 2, 4, 5, 6, 8, 12, 14, 17, 113], "summary": {"covered_lines": 10, "num_statements": 10, "percent_covered": 100.0, "percent_covered_display": "100", "missing_lines": 0, "excluded_lines": 0, "percent_statements_covered": 100.0, "percent_statements_covered_display": "100"}, "missing_lines": [], "excluded_lines": [], "start_line": 1}}, "classes": {"": {"executed_lines": [1, 2, 4, 5, 6, 8, 12, 14, 17, 38, 39, 40, 41, 42, 43, 45, 48, 49, 50, 51, 54, 55, 56, 57, 58, 61, 97, 98, 108, 110, 113, 138, 143, 146, 147, 149, 150, 151, 152, 153, 154, 156, 157, 158, 159, 160, 161, 163, 164, 166, 167, 168, 169, 171, 175, 176, 177, 178, 179, 181, 182, 183, 184, 185, 187, 188, 189, 190, 194, 196], "summary": {"covered_lines": 70, "num_statements": 77, "percent_covered": 90.9090909090909, "percent_covered_display": "91", "missing_lines": 7, "excluded_lines": 0, "percent_statements_covered": 90.9090909090909, "percent_statements_covered_display": "91"}, "missing_lines": [102, 103, 105, 172, 173, 191, 192], "excluded_lines": [], "start_line": 1}}}, "src/pybaseballstats/statcast.py": {"executed_lines": [1, 2, 4, 6, 10, 17, 20, 50, 51, 55, 58, 59, 64, 65, 66, 75, 76, 77, 83, 84, 88, 90, 93, 95, 96, 99, 100, 101, 104, 138, 139, 141, 146, 157, 158, 164, 166, 167], "summary": {"covered_lines": 38, "num_statements": 50, "percent_covered": 76.0, "percent_covered_display": "76", "missing_lines": 12, "excluded_lines": 0, "percent_statements_covered": 76.0, "percent_statements_covered_display": "76"}, "missing_lines": [52, 53, 56, 60, 61, 62, 91, 94, 97, 142, 159, 161], "excluded_lines": [], "functions": {"_async_pitch_by_pitch_data": {"executed_lines": [50, 51, 55, 58, 59, 64, 65, 66, 75, 76, 77, 83, 84, 88, 90, 93, 95, 96, 99, 100, 101], "summary": {"covered_lines": 21, "num_statements": 30, "percent_covered": 70.0, "percent_covered_display": "70", "missing_lines": 9, "excluded_lines": 0, "percent_statements_covered": 70.0, "percent_statements_covered_display": "70"}, "missing_lines": [52, 53, 56, 60, 61, 62, 91, 94, 97], "excluded_lines": [], "start_line": 20}, "pitch_by_pitch_data": {"executed_lines": [138, 139, 141, 146, 157, 158, 164, 166, 167], "summary": {"covered_lines": 9, "num_statements": 12, "percent_covered": 75.0, "percent_covered_display": "75", "missing_lines": 3, "excluded_lines": 0, "percent_statements_covered": 75.0, "percent_statements_covered_display": "75"}, "missing_lines": [142, 159, 161], "excluded_lines": [], "start_line": 104}, "": {"executed_lines": [1, 2, 4, 6, 10, 17, 20, 104], "summary": {"covered_lines": 8, "num_statements": 8, "percent_covered": 100.0, "percent_covered_display": "100", "missing_lines": 0, "excluded_lines": 0, "percent_statements_covered": 100.0, "percent_statements_covered_display": "100"}, "missing_lines": [], "excluded_lines": [], "start_line": 1}}, "classes": {"": {"executed_lines": [1, 2, 4, 6, 10, 17, 20, 50, 51, 55, 58, 59, 64, 65, 66, 75, 76, 77, 83, 84, 88, 90, 93, 95, 96, 99, 100, 101, 104, 138, 139, 141, 146, 157, 158, 164, 166, 167], "summary": {"covered_lines": 38, "num_statements": 50, "percent_covered": 76.0, "percent_covered_display": "76", "missing_lines": 12, "excluded_lines": 0, "percent_statements_covered": 76.0, "percent_statements_covered_display": "76"}, "missing_lines": [52, 53, 56, 60, 61, 62, 91, 94, 97, 142, 159, 161], "excluded_lines": [], "start_line": 1}}}, "src/pybaseballstats/statcast_leaderboards.py": {"executed_lines": [1, 2, 3, 5, 6, 7, 8, 10, 21, 32, 48, 49, 50, 53, 54, 55, 56, 57, 58, 59, 60, 61, 63, 65, 66, 68, 70, 71, 72, 73, 74, 75, 76, 77, 78, 79, 80, 81, 82, 83, 84, 85, 90, 91, 92, 93, 98, 99, 100, 101, 102, 103, 104, 105, 110, 111, 112, 113, 114, 115, 116, 118, 119, 123, 124, 127, 128, 129, 132, 133, 134, 135, 136, 137, 139, 140, 154, 158, 164, 176, 177, 181, 182, 196, 200, 206, 218, 219, 223, 226, 250, 251, 252, 253, 256, 257, 258, 261, 262, 264, 270, 271, 272, 273, 274, 275, 277, 279, 280, 282, 284, 285, 286, 287, 288, 289, 290, 291, 292, 293, 294, 295, 296, 297, 298, 299, 300, 301, 302, 303, 308, 309, 310, 311, 312, 313, 314, 316, 317, 318, 319, 322, 323, 324, 327, 330, 342, 345, 346, 348, 349, 350, 351, 352, 353, 354, 356, 358, 359, 361, 362, 363, 364, 365, 366, 367, 368, 369, 370, 371, 373, 374, 375, 376, 377, 379, 380, 381, 386, 387, 388, 389, 390, 391, 392, 394, 396, 397, 398, 401, 402, 403, 416, 421, 429, 433, 436, 457, 458, 459, 460, 461, 464, 465, 467, 472, 473, 483, 486, 543, 544, 547, 551, 560, 565, 570, 582, 583, 595, 597, 621, 624, 635, 637, 639, 641, 644, 647, 649, 652, 665, 666, 669, 697, 698, 699, 700, 702, 703, 706, 707, 709, 710, 711, 712, 715, 716, 719, 720, 727, 728, 729, 730, 731, 732, 745], "summary": {"covered_lines": 256, "num_statements": 281, "percent_covered": 91.1032028469751, "percent_covered_display": "91", "missing_lines": 25, "excluded_lines": 0, "percent_statements_covered": 91.1032028469751, "percent_statements_covered_display": "91"}, "missing_lines": [117, 315, 393, 395, 548, 566, 571, 574, 578, 584, 587, 591, 598, 612, 615, 619, 625, 626, 629, 633, 638, 640, 642, 648, 650], "excluded_lines": [], "functions": {"park_factor_dimensions_leaderboard": {"executed_lines": [48, 49, 50, 53, 54, 55, 56, 57, 58, 59, 60, 61, 63, 65, 66, 68, 70, 71, 72, 73, 74, 75, 76, 77, 78, 79, 80, 81, 82, 83, 84, 85, 90, 91, 92, 93, 98, 99, 100, 101, 102, 103, 104, 105, 110, 111, 112, 113, 114, 115, 116, 118, 119, 123, 124, 127, 128, 129, 132, 133, 134, 135, 136, 137, 139, 140, 154, 158, 164, 176, 177, 181, 182, 196, 200, 206, 218, 219, 223], "summary": {"covered_lines": 79, "num_statements": 80, "percent_covered": 98.75, "percent_covered_display": "99", "missing_lines": 1, "excluded_lines": 0, "percent_statements_covered": 98.75, "percent_statements_covered_display": "99"}, "missing_lines": [117], "excluded_lines": [], "start_line": 32}, "park_factor_yearly_leaderboard": {"executed_lines": [250, 251, 252, 253, 256, 257, 258, 261, 262, 264, 270, 271, 272, 273, 274, 275, 277, 279, 280, 282, 284, 285, 286, 287, 288, 289, 290, 291, 292, 293, 294, 295, 296, 297, 298, 299, 300, 301, 302, 303, 308, 309, 310, 311, 312, 313, 314, 316, 317, 318, 319, 322, 323, 324, 327], "summary": {"covered_lines": 55, "num_statements": 56, "percent_covered": 98.21428571428571, "percent_covered_display": "98", "missing_lines": 1, "excluded_lines": 0, "percent_statements_covered": 98.21428571428571, "percent_statements_covered_display": "98"}, "missing_lines": [315], "excluded_lines": [], "start_line": 226}, "park_factor_distance_leaderboard": {"executed_lines": [342, 345, 346, 348, 349, 350, 351, 352, 353, 354, 356, 358, 359, 361, 362, 363, 364, 365, 366, 367, 368, 369, 370, 371, 373, 374, 375, 376, 377, 379, 380, 381, 386, 387, 388, 389, 390, 391, 392, 394, 396, 397, 398, 401, 402, 403, 416, 421, 429, 433], "summary": {"covered_lines": 50, "num_statements": 52, "percent_covered": 96.15384615384616, "percent_covered_display": "96", "missing_lines": 2, "excluded_lines": 0, "percent_statements_covered": 96.15384615384616, "percent_statements_covered_display": "96"}, "missing_lines": [393, 395], "excluded_lines": [], "start_line": 330}, "timer_infractions_leaderboard": {"executed_lines": [457, 458, 459, 460, 461, 464, 465, 467, 472, 473, 483], "summary": {"covered_lines": 11, "num_statements": 11, "percent_covered": 100.0, "percent_covered_display": "100", "missing_lines": 0, "excluded_lines": 0, "percent_statements_covered": 100.0, "percent_statements_covered_display": "100"}, "missing_lines": [], "excluded_lines": [], "start_line": 436}, "abs_challenges_leaderboard": {"executed_lines": [543, 544, 547, 551, 560, 565, 570, 582, 583, 595, 597, 621, 624, 635, 637, 639, 641, 644, 647, 649, 652, 665, 666], "summary": {"covered_lines": 23, "num_statements": 44, "percent_covered": 52.27272727272727, "percent_covered_display": "52", "missing_lines": 21, "excluded_lines": 0, "percent_statements_covered": 52.27272727272727, "percent_statements_covered_display": "52"}, "missing_lines": [548, 566, 571, 574, 578, 584, 587, 591, 598, 612, 615, 619, 625, 626, 629, 633, 638, 640, 642, 648, 650], "excluded_lines": [], "start_line": 486}, "arm_strength_leaderboard": {"executed_lines": [697, 698, 699, 700, 702, 703, 706, 707, 709, 710, 711, 712, 715, 716, 719, 720, 727, 728, 729, 730, 731, 732, 745], "summary": {"covered_lines": 23, "num_statements": 23, "percent_covered": 100.0, "percent_covered_display": "100", "missing_lines": 0, "excluded_lines": 0, "percent_statements_covered": 100.0, "percent_statements_covered_display": "100"}, "missing_lines": [], "excluded_lines": [], "start_line": 669}, "": {"executed_lines": [1, 2, 3, 5, 6, 7, 8, 10, 21, 32, 226, 330, 436, 486, 669], "summary": {"covered_lines": 15, "num_statements": 15, "percent_covered": 100.0, "percent_covered_display": "100", "missing_lines": 0, "excluded_lines": 0, "percent_statements_covered": 100.0, "percent_statements_covered_display": "100"}, "missing_lines": [], "excluded_lines": [], "start_line": 1}}, "classes": {"": {"executed_lines": [1, 2, 3, 5, 6, 7, 8, 10, 21, 32, 48, 49, 50, 53, 54, 55, 56, 57, 58, 59, 60, 61, 63, 65, 66, 68, 70, 71, 72, 73, 74, 75, 76, 77, 78, 79, 80, 81, 82, 83, 84, 85, 90, 91, 92, 93, 98, 99, 100, 101, 102, 103, 104, 105, 110, 111, 112, 113, 114, 115, 116, 118, 119, 123, 124, 127, 128, 129, 132, 133, 134, 135, 136, 137, 139, 140, 154, 158, 164, 176, 177, 181, 182, 196, 200, 206, 218, 219, 223, 226, 250, 251, 252, 253, 256, 257, 258, 261, 262, 264, 270, 271, 272, 273, 274, 275, 277, 279, 280, 282, 284, 285, 286, 287, 288, 289, 290, 291, 292, 293, 294, 295, 296, 297, 298, 299, 300, 301, 302, 303, 308, 309, 310, 311, 312, 313, 314, 316, 317, 318, 319, 322, 323, 324, 327, 330, 342, 345, 346, 348, 349, 350, 351, 352, 353, 354, 356, 358, 359, 361, 362, 363, 364, 365, 366, 367, 368, 369, 370, 371, 373, 374, 375, 376, 377, 379, 380, 381, 386, 387, 388, 389, 390, 391, 392, 394, 396, 397, 398, 401, 402, 403, 416, 421, 429, 433, 436, 457, 458, 459, 460, 461, 464, 465, 467, 472, 473, 483, 486, 543, 544, 547, 551, 560, 565, 570, 582, 583, 595, 597, 621, 624, 635, 637, 639, 641, 644, 647, 649, 652, 665, 666, 669, 697, 698, 699, 700, 702, 703, 706, 707, 709, 710, 711, 712, 715, 716, 719, 720, 727, 728, 729, 730, 731, 732, 745], "summary": {"covered_lines": 256, "num_statements": 281, "percent_covered": 91.1032028469751, "percent_covered_display": "91", "missing_lines": 25, "excluded_lines": 0, "percent_statements_covered": 91.1032028469751, "percent_statements_covered_display": "91"}, "missing_lines": [117, 315, 393, 395, 548, 566, 571, 574, 578, 584, 587, 591, 598, 612, 615, 619, 625, 626, 629, 633, 638, 640, 642, 648, 650], "excluded_lines": [], "start_line": 1}}}, "src/pybaseballstats/statcast_single_game.py": {"executed_lines": [1, 2, 3, 5, 6, 7, 8, 10, 14, 15, 21, 31, 43, 44, 48, 49, 52, 64, 65, 70, 72, 73, 74, 77, 79, 80, 81, 82, 83, 84, 85, 86, 89, 98, 101, 102, 103, 106, 120, 123, 127, 128, 131, 132, 133, 138, 139, 140, 143, 144, 145, 146, 149, 150, 151, 152, 153, 156, 157, 158, 159, 160, 162, 164, 165, 166, 168, 169, 172, 173, 175, 176, 179, 182, 184, 186, 187, 188, 192, 193, 194, 197, 198, 200, 203, 204, 206, 207, 208, 222, 225, 238, 241, 255, 258, 262, 263, 266, 267, 268, 273, 274, 275, 278, 280, 281, 282, 285, 286, 287, 288, 289, 292, 293, 294, 295, 296, 297, 299, 301, 302, 303, 305, 306, 309, 310, 312, 313, 316, 319, 321, 323, 324, 325, 328, 329, 331, 332, 333, 336, 337, 339, 342, 343, 346, 347, 348, 364, 367, 380, 383, 398, 401, 405, 406, 409, 410, 411, 416, 417, 418, 421, 423, 424, 425, 427, 428, 429, 430, 431, 434, 435, 436, 440, 442, 443, 444, 446, 447, 450, 451, 453, 454, 460, 462, 470, 471, 472, 475, 476, 478, 481, 482, 484, 485, 494, 498, 506], "summary": {"covered_lines": 198, "num_statements": 213, "percent_covered": 92.95774647887323, "percent_covered_display": "93", "missing_lines": 15, "excluded_lines": 0, "percent_statements_covered": 92.95774647887323, "percent_statements_covered_display": "93"}, "missing_lines": [45, 46, 71, 190, 195, 327, 334, 437, 438, 457, 464, 465, 466, 468, 473], "excluded_lines": [], "functions": {"_run_in_loop": {"executed_lines": [43, 44, 48, 49], "summary": {"covered_lines": 4, "num_statements": 6, "percent_covered": 66.66666666666667, "percent_covered_display": "67", "missing_lines": 2, "excluded_lines": 0, "percent_statements_covered": 66.66666666666667, "percent_statements_covered_display": "67"}, "missing_lines": [45, 46], "excluded_lines": [], "start_line": 31}, "get_available_game_pks_for_date": {"executed_lines": [64, 65, 70, 72, 73, 74, 77, 79, 80, 81, 82, 83, 84, 85, 86], "summary": {"covered_lines": 15, "num_statements": 16, "percent_covered": 93.75, "percent_covered_display": "94", "missing_lines": 1, "excluded_lines": 0, "percent_statements_covered": 93.75, "percent_statements_covered_display": "94"}, "missing_lines": [71], "excluded_lines": [], "start_line": 52}, "single_game_pitch_by_pitch": {"executed_lines": [98, 101, 102, 103], "summary": {"covered_lines": 4, "num_statements": 4, "percent_covered": 100.0, "percent_covered_display": "100", "missing_lines": 0, "excluded_lines": 0, "percent_statements_covered": 100.0, "percent_statements_covered_display": "100"}, "missing_lines": [], "excluded_lines": [], "start_line": 89}, "single_game_exit_velocity": {"executed_lines": [120], "summary": {"covered_lines": 1, "num_statements": 1, "percent_covered": 100.0, "percent_covered_display": "100", "missing_lines": 0, "excluded_lines": 0, "percent_statements_covered": 100.0, "percent_statements_covered_display": "100"}, "missing_lines": [], "excluded_lines": [], "start_line": 106}, "_single_game_exit_velocity_async": {"executed_lines": [127, 128, 131, 132, 133, 138, 139, 140, 143, 144, 145, 146, 149, 150, 151, 152, 153, 156, 157, 158, 159, 160, 162, 164, 165, 166, 168, 169, 172, 173, 175, 176, 179, 182, 184, 186, 187, 188, 192, 193, 194, 197, 198, 200, 203, 204, 206, 207, 208, 222, 225, 238], "summary": {"covered_lines": 52, "num_statements": 54, "percent_covered": 96.29629629629629, "percent_covered_display": "96", "missing_lines": 2, "excluded_lines": 0, "percent_statements_covered": 96.29629629629629, "percent_statements_covered_display": "96"}, "missing_lines": [190, 195], "excluded_lines": [], "start_line": 123}, "single_game_pitch_velocity": {"executed_lines": [255], "summary": {"covered_lines": 1, "num_statements": 1, "percent_covered": 100.0, "percent_covered_display": "100", "missing_lines": 0, "excluded_lines": 0, "percent_statements_covered": 100.0, "percent_statements_covered_display": "100"}, "missing_lines": [], "excluded_lines": [], "start_line": 241}, "_single_game_pitch_velocity_async": {"executed_lines": [262, 263, 266, 267, 268, 273, 274, 275, 278, 280, 281, 282, 285, 286, 287, 288, 289, 292, 293, 294, 295, 296, 297, 299, 301, 302, 303, 305, 306, 309, 310, 312, 313, 316, 319, 321, 323, 324, 325, 328, 329, 331, 332, 333, 336, 337, 339, 342, 343, 346, 347, 348, 364, 367, 380], "summary": {"covered_lines": 55, "num_statements": 57, "percent_covered": 96.49122807017544, "percent_covered_display": "96", "missing_lines": 2, "excluded_lines": 0, "percent_statements_covered": 96.49122807017544, "percent_statements_covered_display": "96"}, "missing_lines": [327, 334], "excluded_lines": [], "start_line": 258}, "single_game_win_probability": {"executed_lines": [398], "summary": {"covered_lines": 1, "num_statements": 1, "percent_covered": 100.0, "percent_covered_display": "100", "missing_lines": 0, "excluded_lines": 0, "percent_statements_covered": 100.0, "percent_statements_covered_display": "100"}, "missing_lines": [], "excluded_lines": [], "start_line": 383}, "_single_game_win_probability_async": {"executed_lines": [405, 406, 409, 410, 411, 416, 417, 418, 421, 423, 424, 425, 427, 428, 429, 430, 431, 434, 435, 436, 440, 442, 443, 444, 446, 447, 450, 451, 453, 454, 460, 462, 470, 471, 472, 475, 476, 478, 481, 482, 484, 485, 494, 498, 506], "summary": {"covered_lines": 45, "num_statements": 53, "percent_covered": 84.90566037735849, "percent_covered_display": "85", "missing_lines": 8, "excluded_lines": 0, "percent_statements_covered": 84.90566037735849, "percent_statements_covered_display": "85"}, "missing_lines": [437, 438, 457, 464, 465, 466, 468, 473], "excluded_lines": [], "start_line": 401}, "": {"executed_lines": [1, 2, 3, 5, 6, 7, 8, 10, 14, 15, 21, 31, 52, 89, 106, 123, 241, 258, 383, 401], "summary": {"covered_lines": 20, "num_statements": 20, "percent_covered": 100.0, "percent_covered_display": "100", "missing_lines": 0, "excluded_lines": 0, "percent_statements_covered": 100.0, "percent_statements_covered_display": "100"}, "missing_lines": [], "excluded_lines": [], "start_line": 1}}, "classes": {"": {"executed_lines": [1, 2, 3, 5, 6, 7, 8, 10, 14, 15, 21, 31, 43, 44, 48, 49, 52, 64, 65, 70, 72, 73, 74, 77, 79, 80, 81, 82, 83, 84, 85, 86, 89, 98, 101, 102, 103, 106, 120, 123, 127, 128, 131, 132, 133, 138, 139, 140, 143, 144, 145, 146, 149, 150, 151, 152, 153, 156, 157, 158, 159, 160, 162, 164, 165, 166, 168, 169, 172, 173, 175, 176, 179, 182, 184, 186, 187, 188, 192, 193, 194, 197, 198, 200, 203, 204, 206, 207, 208, 222, 225, 238, 241, 255, 258, 262, 263, 266, 267, 268, 273, 274, 275, 278, 280, 281, 282, 285, 286, 287, 288, 289, 292, 293, 294, 295, 296, 297, 299, 301, 302, 303, 305, 306, 309, 310, 312, 313, 316, 319, 321, 323, 324, 325, 328, 329, 331, 332, 333, 336, 337, 339, 342, 343, 346, 347, 348, 364, 367, 380, 383, 398, 401, 405, 406, 409, 410, 411, 416, 417, 418, 421, 423, 424, 425, 427, 428, 429, 430, 431, 434, 435, 436, 440, 442, 443, 444, 446, 447, 450, 451, 453, 454, 460, 462, 470, 471, 472, 475, 476, 478, 481, 482, 484, 485, 494, 498, 506], "summary": {"covered_lines": 198, "num_statements": 213, "percent_covered": 92.95774647887323, "percent_covered_display": "93", "missing_lines": 15, "excluded_lines": 0, "percent_statements_covered": 92.95774647887323, "percent_statements_covered_display": "93"}, "missing_lines": [45, 46, 71, 190, 195, 327, 334, 437, 438, 457, 464, 465, 466, 468, 473], "excluded_lines": [], "start_line": 1}}}, "src/pybaseballstats/umpire_scorecards.py": {"executed_lines": [1, 2, 3, 5, 6, 8, 16, 26, 41, 73, 74, 75, 76, 77, 78, 79, 80, 81, 82, 83, 84, 85, 86, 88, 89, 92, 93, 94, 95, 96, 97, 99, 100, 101, 103, 104, 105, 106, 107, 109, 110, 111, 112, 114, 124, 128, 129, 130, 136, 137, 140, 173, 175, 176, 177, 178, 179, 181, 183, 185, 186, 188, 193, 194, 195, 197, 199, 201, 202, 203, 205, 206, 207, 208, 209, 211, 213, 214, 215, 217, 226, 229, 230, 231, 237, 238, 239, 240, 243, 266, 268, 269, 271, 272, 273, 275, 277, 279, 280, 282, 287, 295, 298, 299, 300, 303, 329, 330, 331, 332, 333, 334, 335, 336, 337, 338, 339, 340, 341, 342, 343, 344, 345, 346, 347, 348, 350, 351, 354, 355, 356, 358, 367, 368, 371, 372, 377], "summary": {"covered_lines": 137, "num_statements": 163, "percent_covered": 84.04907975460122, "percent_covered_display": "84", "missing_lines": 26, "excluded_lines": 0, "percent_statements_covered": 84.04907975460122, "percent_statements_covered_display": "84"}, "missing_lines": [28, 108, 131, 134, 174, 180, 182, 184, 189, 196, 198, 200, 210, 212, 216, 232, 235, 267, 274, 276, 278, 283, 369, 370, 375, 376], "excluded_lines": [], "functions": {"game_type_options": {"executed_lines": [], "summary": {"covered_lines": 0, "num_statements": 1, "percent_covered": 0.0, "percent_covered_display": "0", "missing_lines": 1, "excluded_lines": 0, "percent_statements_covered": 0.0, "percent_statements_covered_display": "0"}, "missing_lines": [28], "excluded_lines": [], "start_line": 26}, "game_data": {"executed_lines": [73, 74, 75, 76, 77, 78, 79, 80, 81, 82, 83, 84, 85, 86, 88, 89, 92, 93, 94, 95, 96, 97, 99, 100, 101, 103, 104, 105, 106, 107, 109, 110, 111, 112, 114, 124, 128, 129, 130, 136, 137], "summary": {"covered_lines": 41, "num_statements": 44, "percent_covered": 93.18181818181819, "percent_covered_display": "93", "missing_lines": 3, "excluded_lines": 0, "percent_statements_covered": 93.18181818181819, "percent_statements_covered_display": "93"}, "missing_lines": [108, 131, 134], "excluded_lines": [], "start_line": 41}, "umpire_data": {"executed_lines": [173, 175, 176, 177, 178, 179, 181, 183, 185, 186, 188, 193, 194, 195, 197, 199, 201, 202, 203, 205, 206, 207, 208, 209, 211, 213, 214, 215, 217, 226, 229, 230, 231, 237, 238, 239, 240], "summary": {"covered_lines": 37, "num_statements": 50, "percent_covered": 74.0, "percent_covered_display": "74", "missing_lines": 13, "excluded_lines": 0, "percent_statements_covered": 74.0, "percent_statements_covered_display": "74"}, "missing_lines": [174, 180, 182, 184, 189, 196, 198, 200, 210, 212, 216, 232, 235], "excluded_lines": [], "start_line": 140}, "team_data": {"executed_lines": [266, 268, 269, 271, 272, 273, 275, 277, 279, 280, 282, 287, 295, 298, 299, 300], "summary": {"covered_lines": 16, "num_statements": 21, "percent_covered": 76.19047619047619, "percent_covered_display": "76", "missing_lines": 5, "excluded_lines": 0, "percent_statements_covered": 76.19047619047619, "percent_statements_covered_display": "76"}, "missing_lines": [267, 274, 276, 278, 283], "excluded_lines": [], "start_line": 243}, "player_data": {"executed_lines": [329, 330, 331, 332, 333, 334, 335, 336, 337, 338, 339, 340, 341, 342, 343, 344, 345, 346, 347, 348, 350, 351, 354, 355, 356, 358, 367, 368, 371, 372, 377], "summary": {"covered_lines": 31, "num_statements": 35, "percent_covered": 88.57142857142857, "percent_covered_display": "89", "missing_lines": 4, "excluded_lines": 0, "percent_statements_covered": 88.57142857142857, "percent_statements_covered_display": "89"}, "missing_lines": [369, 370, 375, 376], "excluded_lines": [], "start_line": 303}, "": {"executed_lines": [1, 2, 3, 5, 6, 8, 16, 26, 41, 140, 243, 303], "summary": {"covered_lines": 12, "num_statements": 12, "percent_covered": 100.0, "percent_covered_display": "100", "missing_lines": 0, "excluded_lines": 0, "percent_statements_covered": 100.0, "percent_statements_covered_display": "100"}, "missing_lines": [], "excluded_lines": [], "start_line": 1}}, "classes": {"": {"executed_lines": [1, 2, 3, 5, 6, 8, 16, 26, 41, 73, 74, 75, 76, 77, 78, 79, 80, 81, 82, 83, 84, 85, 86, 88, 89, 92, 93, 94, 95, 96, 97, 99, 100, 101, 103, 104, 105, 106, 107, 109, 110, 111, 112, 114, 124, 128, 129, 130, 136, 137, 140, 173, 175, 176, 177, 178, 179, 181, 183, 185, 186, 188, 193, 194, 195, 197, 199, 201, 202, 203, 205, 206, 207, 208, 209, 211, 213, 214, 215, 217, 226, 229, 230, 231, 237, 238, 239, 240, 243, 266, 268, 269, 271, 272, 273, 275, 277, 279, 280, 282, 287, 295, 298, 299, 300, 303, 329, 330, 331, 332, 333, 334, 335, 336, 337, 338, 339, 340, 341, 342, 343, 344, 345, 346, 347, 348, 350, 351, 354, 355, 356, 358, 367, 368, 371, 372, 377], "summary": {"covered_lines": 137, "num_statements": 163, "percent_covered": 84.04907975460122, "percent_covered_display": "84", "missing_lines": 26, "excluded_lines": 0, "percent_statements_covered": 84.04907975460122, "percent_statements_covered_display": "84"}, "missing_lines": [28, 108, 131, 134, 174, 180, 182, 184, 189, 196, 198, 200, 210, 212, 216, 232, 235, 267, 274, 276, 278, 283, 369, 370, 375, 376], "excluded_lines": [], "start_line": 1}}}, "src/pybaseballstats/utils/__init__.py": {"executed_lines": [], "summary": {"covered_lines": 0, "num_statements": 0, "percent_covered": 100.0, "percent_covered_display": "100", "missing_lines": 0, "excluded_lines": 0, "percent_statements_covered": 100.0, "percent_statements_covered_display": "100"}, "missing_lines": [], "excluded_lines": [], "functions": {"": {"executed_lines": [], "summary": {"covered_lines": 0, "num_statements": 0, "percent_covered": 100.0, "percent_covered_display": "100", "missing_lines": 0, "excluded_lines": 0, "percent_statements_covered": 100.0, "percent_statements_covered_display": "100"}, "missing_lines": [], "excluded_lines": [], "start_line": 1}}, "classes": {"": {"executed_lines": [], "summary": {"covered_lines": 0, "num_statements": 0, "percent_covered": 100.0, "percent_covered_display": "100", "missing_lines": 0, "excluded_lines": 0, "percent_statements_covered": 100.0, "percent_statements_covered_display": "100"}, "missing_lines": [], "excluded_lines": [], "start_line": 1}}}, "src/pybaseballstats/utils/bref_utils.py": {"executed_lines": [1, 2, 3, 4, 5, 6, 7, 8, 10, 11, 12, 20, 23, 26, 42, 43, 44, 46, 53, 54, 55, 57, 60, 65, 66, 71, 75, 76, 77, 79, 80, 81, 82, 83, 85, 95, 97, 98, 99, 102, 103, 105, 106, 107, 108, 109, 110, 111, 116, 117, 118, 122, 123, 125, 128, 129, 131, 132, 133, 134, 135, 136, 137, 138, 139, 145, 147, 149, 150, 153, 154, 155, 158, 159, 160, 162, 163, 164, 165, 167, 182, 183, 185, 187, 188, 189, 190, 192, 199, 204, 209, 210, 211, 214, 222, 223, 225, 226, 227, 229, 232, 233, 236, 237, 238, 240, 242, 243, 244, 248, 249, 250, 254, 255, 256, 260, 263, 265, 266, 267, 269, 270, 272, 273, 275, 278, 283, 284, 285, 286, 287, 288, 289, 290, 292, 293, 294, 295, 296, 297, 298, 299, 300, 301, 302, 303, 304, 307, 308, 310, 311, 313, 315, 317, 318, 319, 320, 321, 324, 328, 330, 333, 346, 347, 350, 351, 352, 355, 356], "summary": {"covered_lines": 169, "num_statements": 206, "percent_covered": 82.03883495145631, "percent_covered_display": "82", "missing_lines": 37, "excluded_lines": 0, "percent_statements_covered": 82.03883495145631, "percent_statements_covered_display": "82"}, "missing_lines": [58, 61, 140, 143, 144, 151, 169, 170, 171, 172, 173, 174, 175, 176, 177, 178, 179, 180, 191, 193, 194, 196, 197, 201, 202, 206, 245, 246, 251, 252, 257, 258, 291, 348, 357, 358, 360], "excluded_lines": [], "functions": {"Singleton.__init__": {"executed_lines": [43, 44], "summary": {"covered_lines": 2, "num_statements": 2, "percent_covered": 100.0, "percent_covered_display": "100", "missing_lines": 0, "excluded_lines": 0, "percent_statements_covered": 100.0, "percent_statements_covered_display": "100"}, "missing_lines": [], "excluded_lines": [], "start_line": 42}, "Singleton.instance": {"executed_lines": [53, 54, 55], "summary": {"covered_lines": 3, "num_statements": 3, "percent_covered": 100.0, "percent_covered_display": "100", "missing_lines": 0, "excluded_lines": 0, "percent_statements_covered": 100.0, "percent_statements_covered_display": "100"}, "missing_lines": [], "excluded_lines": [], "start_line": 46}, "Singleton.__call__": {"executed_lines": [], "summary": {"covered_lines": 0, "num_statements": 1, "percent_covered": 0.0, "percent_covered_display": "0", "missing_lines": 1, "excluded_lines": 0, "percent_statements_covered": 0.0, "percent_statements_covered_display": "0"}, "missing_lines": [58], "excluded_lines": [], "start_line": 57}, "Singleton.__instancecheck__": {"executed_lines": [], "summary": {"covered_lines": 0, "num_statements": 1, "percent_covered": 0.0, "percent_covered_display": "0", "missing_lines": 1, "excluded_lines": 0, "percent_statements_covered": 0.0, "percent_statements_covered_display": "0"}, "missing_lines": [61], "excluded_lines": [], "start_line": 60}, "BREFSession.__init__": {"executed_lines": [75, 76, 77, 79, 80, 81, 82, 83, 85], "summary": {"covered_lines": 9, "num_statements": 9, "percent_covered": 100.0, "percent_covered_display": "100", "missing_lines": 0, "excluded_lines": 0, "percent_statements_covered": 100.0, "percent_statements_covered_display": "100"}, "missing_lines": [], "excluded_lines": [], "start_line": 71}, "BREFSession._rate_limit": {"executed_lines": [97, 98, 99, 102, 103, 105, 106, 107, 108, 109, 110, 111, 116, 117, 118, 122, 123], "summary": {"covered_lines": 17, "num_statements": 17, "percent_covered": 100.0, "percent_covered_display": "100", "missing_lines": 0, "excluded_lines": 0, "percent_statements_covered": 100.0, "percent_statements_covered_display": "100"}, "missing_lines": [], "excluded_lines": [], "start_line": 95}, "BREFSession.get": {"executed_lines": [128, 129, 131, 132, 133, 134, 135, 136, 137, 138, 139, 145], "summary": {"covered_lines": 12, "num_statements": 15, "percent_covered": 80.0, "percent_covered_display": "80", "missing_lines": 3, "excluded_lines": 0, "percent_statements_covered": 80.0, "percent_statements_covered_display": "80"}, "missing_lines": [140, 143, 144], "excluded_lines": [], "start_line": 125}, "BREFSession._ensure_browser_initialized": {"executed_lines": [149, 150, 153, 154, 155, 158, 159, 160, 162, 163, 164, 165], "summary": {"covered_lines": 12, "num_statements": 13, "percent_covered": 92.3076923076923, "percent_covered_display": "92", "missing_lines": 1, "excluded_lines": 0, "percent_statements_covered": 92.3076923076923, "percent_statements_covered_display": "92"}, "missing_lines": [151], "excluded_lines": [], "start_line": 147}, "BREFSession._cleanup_browser": {"executed_lines": [], "summary": {"covered_lines": 0, "num_statements": 12, "percent_covered": 0.0, "percent_covered_display": "0", "missing_lines": 12, "excluded_lines": 0, "percent_statements_covered": 0.0, "percent_statements_covered_display": "0"}, "missing_lines": [169, 170, 171, 172, 173, 174, 175, 176, 177, 178, 179, 180], "excluded_lines": [], "start_line": 167}, "BREFSession.get_page": {"executed_lines": [185, 187, 188, 189, 190, 192], "summary": {"covered_lines": 6, "num_statements": 11, "percent_covered": 54.54545454545455, "percent_covered_display": "55", "missing_lines": 5, "excluded_lines": 0, "percent_statements_covered": 54.54545454545455, "percent_statements_covered_display": "55"}, "missing_lines": [191, 193, 194, 196, 197], "excluded_lines": [], "start_line": 183}, "BREFSession.close_browser": {"executed_lines": [], "summary": {"covered_lines": 0, "num_statements": 2, "percent_covered": 0.0, "percent_covered_display": "0", "missing_lines": 2, "excluded_lines": 0, "percent_statements_covered": 0.0, "percent_statements_covered_display": "0"}, "missing_lines": [201, 202], "excluded_lines": [], "start_line": 199}, "BREFSession.__del__": {"executed_lines": [], "summary": {"covered_lines": 0, "num_statements": 1, "percent_covered": 0.0, "percent_covered_display": "0", "missing_lines": 1, "excluded_lines": 0, "percent_statements_covered": 0.0, "percent_statements_covered_display": "0"}, "missing_lines": [206], "excluded_lines": [], "start_line": 204}, "_safe_parse_cell_value": {"executed_lines": [222, 223, 225, 226, 227, 229, 232, 233, 236, 237, 238, 240, 242, 243, 244, 248, 249, 250, 254, 255, 256, 260], "summary": {"covered_lines": 22, "num_statements": 28, "percent_covered": 78.57142857142857, "percent_covered_display": "79", "missing_lines": 6, "excluded_lines": 0, "percent_statements_covered": 78.57142857142857, "percent_statements_covered_display": "79"}, "missing_lines": [245, 246, 251, 252, 257, 258], "excluded_lines": [], "start_line": 214}, "_infer_series_dtype": {"executed_lines": [265, 266, 267, 269, 270, 272, 273, 275], "summary": {"covered_lines": 8, "num_statements": 8, "percent_covered": 100.0, "percent_covered_display": "100", "missing_lines": 0, "excluded_lines": 0, "percent_statements_covered": 100.0, "percent_statements_covered_display": "100"}, "missing_lines": [], "excluded_lines": [], "start_line": 263}, "_extract_table": {"executed_lines": [283, 284, 285, 286, 287, 288, 289, 290, 292, 293, 294, 295, 296, 297, 298, 299, 300, 301, 302, 303, 304, 307, 308, 310, 311, 313, 315, 317, 318, 319, 320, 321, 324, 328, 330], "summary": {"covered_lines": 35, "num_statements": 36, "percent_covered": 97.22222222222223, "percent_covered_display": "97", "missing_lines": 1, "excluded_lines": 0, "percent_statements_covered": 97.22222222222223, "percent_statements_covered_display": "97"}, "missing_lines": [291], "excluded_lines": [], "start_line": 278}, "resolve_bref_team_code": {"executed_lines": [346, 347, 350, 351, 352, 355, 356], "summary": {"covered_lines": 7, "num_statements": 11, "percent_covered": 63.63636363636363, "percent_covered_display": "64", "missing_lines": 4, "excluded_lines": 0, "percent_statements_covered": 63.63636363636363, "percent_statements_covered_display": "64"}, "missing_lines": [348, 357, 358, 360], "excluded_lines": [], "start_line": 333}, "": {"executed_lines": [1, 2, 3, 4, 5, 6, 7, 8, 10, 11, 12, 20, 23, 26, 42, 46, 57, 60, 65, 66, 71, 95, 125, 147, 167, 182, 183, 199, 204, 209, 210, 211, 214, 263, 278, 333], "summary": {"covered_lines": 36, "num_statements": 36, "percent_covered": 100.0, "percent_covered_display": "100", "missing_lines": 0, "excluded_lines": 0, "percent_statements_covered": 100.0, "percent_statements_covered_display": "100"}, "missing_lines": [], "excluded_lines": [], "start_line": 1}}, "classes": {"Singleton": {"executed_lines": [43, 44, 53, 54, 55], "summary": {"covered_lines": 5, "num_statements": 7, "percent_covered": 71.42857142857143, "percent_covered_display": "71", "missing_lines": 2, "excluded_lines": 0, "percent_statements_covered": 71.42857142857143, "percent_statements_covered_display": "71"}, "missing_lines": [58, 61], "excluded_lines": [], "start_line": 26}, "BREFSession": {"executed_lines": [75, 76, 77, 79, 80, 81, 82, 83, 85, 97, 98, 99, 102, 103, 105, 106, 107, 108, 109, 110, 111, 116, 117, 118, 122, 123, 128, 129, 131, 132, 133, 134, 135, 136, 137, 138, 139, 145, 149, 150, 153, 154, 155, 158, 159, 160, 162, 163, 164, 165, 185, 187, 188, 189, 190, 192], "summary": {"covered_lines": 56, "num_statements": 80, "percent_covered": 70.0, "percent_covered_display": "70", "missing_lines": 24, "excluded_lines": 0, "percent_statements_covered": 70.0, "percent_statements_covered_display": "70"}, "missing_lines": [140, 143, 144, 151, 169, 170, 171, 172, 173, 174, 175, 176, 177, 178, 179, 180, 191, 193, 194, 196, 197, 201, 202, 206], "excluded_lines": [], "start_line": 66}, "": {"executed_lines": [1, 2, 3, 4, 5, 6, 7, 8, 10, 11, 12, 20, 23, 26, 42, 46, 57, 60, 65, 66, 71, 95, 125, 147, 167, 182, 183, 199, 204, 209, 210, 211, 214, 222, 223, 225, 226, 227, 229, 232, 233, 236, 237, 238, 240, 242, 243, 244, 248, 249, 250, 254, 255, 256, 260, 263, 265, 266, 267, 269, 270, 272, 273, 275, 278, 283, 284, 285, 286, 287, 288, 289, 290, 292, 293, 294, 295, 296, 297, 298, 299, 300, 301, 302, 303, 304, 307, 308, 310, 311, 313, 315, 317, 318, 319, 320, 321, 324, 328, 330, 333, 346, 347, 350, 351, 352, 355, 356], "summary": {"covered_lines": 108, "num_statements": 119, "percent_covered": 90.75630252100841, "percent_covered_display": "91", "missing_lines": 11, "excluded_lines": 0, "percent_statements_covered": 90.75630252100841, "percent_statements_covered_display": "91"}, "missing_lines": [245, 246, 251, 252, 257, 258, 291, 348, 357, 358, 360], "excluded_lines": [], "start_line": 1}}}, "src/pybaseballstats/utils/retrosheet_utils.py": {"executed_lines": [1, 3, 4, 6, 12, 13, 15, 16, 17, 18, 19, 20, 22, 23, 24, 25, 26, 28, 30, 35, 41, 44, 56, 59, 61], "summary": {"covered_lines": 25, "num_statements": 25, "percent_covered": 100.0, "percent_covered_display": "100", "missing_lines": 0, "excluded_lines": 0, "percent_statements_covered": 100.0, "percent_statements_covered_display": "100"}, "missing_lines": [], "excluded_lines": [], "functions": {"_get_people_data": {"executed_lines": [15, 16, 17, 18, 19, 20, 22, 23, 24, 25, 26, 28, 30, 35, 41, 44, 56], "summary": {"covered_lines": 17, "num_statements": 17, "percent_covered": 100.0, "percent_covered_display": "100", "missing_lines": 0, "excluded_lines": 0, "percent_statements_covered": 100.0, "percent_statements_covered_display": "100"}, "missing_lines": [], "excluded_lines": [], "start_line": 13}, "_clear_people_cache": {"executed_lines": [61], "summary": {"covered_lines": 1, "num_statements": 1, "percent_covered": 100.0, "percent_covered_display": "100", "missing_lines": 0, "excluded_lines": 0, "percent_statements_covered": 100.0, "percent_statements_covered_display": "100"}, "missing_lines": [], "excluded_lines": [], "start_line": 59}, "": {"executed_lines": [1, 3, 4, 6, 12, 13, 59], "summary": {"covered_lines": 7, "num_statements": 7, "percent_covered": 100.0, "percent_covered_display": "100", "missing_lines": 0, "excluded_lines": 0, "percent_statements_covered": 100.0, "percent_statements_covered_display": "100"}, "missing_lines": [], "excluded_lines": [], "start_line": 1}}, "classes": {"": {"executed_lines": [1, 3, 4, 6, 12, 13, 15, 16, 17, 18, 19, 20, 22, 23, 24, 25, 26, 28, 30, 35, 41, 44, 56, 59, 61], "summary": {"covered_lines": 25, "num_statements": 25, "percent_covered": 100.0, "percent_covered_display": "100", "missing_lines": 0, "excluded_lines": 0, "percent_statements_covered": 100.0, "percent_statements_covered_display": "100"}, "missing_lines": [], "excluded_lines": [], "start_line": 1}}}, "src/pybaseballstats/utils/statcast_single_game_utils.py": {"executed_lines": [1, 2, 3, 5, 8, 9, 11, 12, 28, 34, 39, 40, 41, 43, 44, 46, 47, 48, 51, 52, 53, 56, 57, 60, 74, 75, 76, 77, 82, 83, 84, 85, 94, 95], "summary": {"covered_lines": 34, "num_statements": 37, "percent_covered": 91.89189189189189, "percent_covered_display": "92", "missing_lines": 3, "excluded_lines": 6, "percent_statements_covered": 91.89189189189189, "percent_statements_covered_display": "92"}, "missing_lines": [54, 55, 86], "excluded_lines": [87, 88, 89, 90, 91, 92], "functions": {"get_page_async": {"executed_lines": [11, 12, 28, 34, 39, 40, 41, 43, 44, 46, 47, 48], "summary": {"covered_lines": 12, "num_statements": 12, "percent_covered": 100.0, "percent_covered_display": "100", "missing_lines": 0, "excluded_lines": 0, "percent_statements_covered": 100.0, "percent_statements_covered_display": "100"}, "missing_lines": [], "excluded_lines": [], "start_line": 9}, "_handle_single_game_date": {"executed_lines": [52, 53, 56, 57], "summary": {"covered_lines": 4, "num_statements": 6, "percent_covered": 66.66666666666667, "percent_covered_display": "67", "missing_lines": 2, "excluded_lines": 0, "percent_statements_covered": 66.66666666666667, "percent_statements_covered_display": "67"}, "missing_lines": [54, 55], "excluded_lines": [], "start_line": 51}, "fetch_gamefeed_table_html": {"executed_lines": [74, 75, 76, 77, 82, 83, 84, 85, 94, 95], "summary": {"covered_lines": 10, "num_statements": 11, "percent_covered": 90.9090909090909, "percent_covered_display": "91", "missing_lines": 1, "excluded_lines": 6, "percent_statements_covered": 90.9090909090909, "percent_statements_covered_display": "91"}, "missing_lines": [86], "excluded_lines": [87, 88, 89, 90, 91, 92], "start_line": 60}, "": {"executed_lines": [1, 2, 3, 5, 8, 9, 51, 60], "summary": {"covered_lines": 8, "num_statements": 8, "percent_covered": 100.0, "percent_covered_display": "100", "missing_lines": 0, "excluded_lines": 0, "percent_statements_covered": 100.0, "percent_statements_covered_display": "100"}, "missing_lines": [], "excluded_lines": [], "start_line": 1}}, "classes": {"": {"executed_lines": [1, 2, 3, 5, 8, 9, 11, 12, 28, 34, 39, 40, 41, 43, 44, 46, 47, 48, 51, 52, 53, 56, 57, 60, 74, 75, 76, 77, 82, 83, 84, 85, 94, 95], "summary": {"covered_lines": 34, "num_statements": 37, "percent_covered": 91.89189189189189, "percent_covered_display": "92", "missing_lines": 3, "excluded_lines": 6, "percent_statements_covered": 91.89189189189189, "percent_statements_covered_display": "92"}, "missing_lines": [54, 55, 86], "excluded_lines": [87, 88, 89, 90, 91, 92], "start_line": 1}}}, "src/pybaseballstats/utils/statcast_utils.py": {"executed_lines": [1, 2, 3, 4, 5, 7, 8, 9, 11, 16, 17, 18, 19, 20, 23, 29, 30, 32, 33, 34, 35, 36, 37, 45, 46, 52, 53, 54, 55, 101, 112, 113, 115, 116, 118, 119, 120, 122, 123, 127, 134, 136, 137, 143, 146, 147, 148, 149, 152, 158, 175, 178, 188, 189, 190, 192, 225, 226, 232, 234, 235, 236, 237, 238, 239, 240, 248, 262, 265, 276, 277, 278, 283, 284, 285, 286, 287, 289, 293, 302, 303, 304, 305, 307, 308, 309, 310, 312, 317, 319, 320, 321], "summary": {"covered_lines": 92, "num_statements": 175, "percent_covered": 52.57142857142857, "percent_covered_display": "53", "missing_lines": 83, "excluded_lines": 0, "percent_statements_covered": 52.57142857142857, "percent_statements_covered_display": "53"}, "missing_lines": [38, 39, 40, 41, 42, 59, 60, 61, 62, 63, 66, 68, 69, 70, 71, 72, 78, 79, 80, 81, 82, 86, 88, 89, 90, 91, 92, 94, 151, 154, 155, 156, 159, 160, 161, 165, 166, 168, 193, 194, 197, 198, 199, 204, 205, 206, 209, 210, 211, 212, 213, 214, 215, 216, 217, 219, 220, 221, 223, 242, 243, 244, 245, 246, 250, 251, 252, 253, 254, 255, 256, 258, 259, 260, 261, 279, 280, 281, 282, 288, 311, 313, 318], "excluded_lines": [], "functions": {"_fetch_and_parse_chunk": {"executed_lines": [29, 30, 32, 33, 34, 35, 36, 37, 45, 46, 52, 53, 54, 55], "summary": {"covered_lines": 14, "num_statements": 42, "percent_covered": 33.333333333333336, "percent_covered_display": "33", "missing_lines": 28, "excluded_lines": 0, "percent_statements_covered": 33.333333333333336, "percent_statements_covered_display": "33"}, "missing_lines": [38, 39, 40, 41, 42, 59, 60, 61, 62, 63, 66, 68, 69, 70, 71, 72, 78, 79, 80, 81, 82, 86, 88, 89, 90, 91, 92, 94], "excluded_lines": [], "start_line": 23}, "_fetch_all_data": {"executed_lines": [112, 113, 115, 116, 118, 119, 120, 122, 123, 127, 134, 136, 137, 143, 146, 147, 148, 149, 152, 158, 175], "summary": {"covered_lines": 21, "num_statements": 31, "percent_covered": 67.74193548387096, "percent_covered_display": "68", "missing_lines": 10, "excluded_lines": 0, "percent_statements_covered": 67.74193548387096, "percent_statements_covered_display": "68"}, "missing_lines": [151, 154, 155, 156, 159, 160, 161, 165, 166, 168], "excluded_lines": [], "start_line": 101}, "_load_all_data": {"executed_lines": [188, 189, 190, 192, 225, 226, 232, 234, 235, 236, 237, 238, 239, 240, 248, 262], "summary": {"covered_lines": 16, "num_statements": 32, "percent_covered": 50.0, "percent_covered_display": "50", "missing_lines": 16, "excluded_lines": 0, "percent_statements_covered": 50.0, "percent_statements_covered_display": "50"}, "missing_lines": [242, 243, 244, 245, 246, 250, 251, 252, 253, 254, 255, 256, 258, 259, 260, 261], "excluded_lines": [], "start_line": 178}, "_load_all_data._align_df": {"executed_lines": [], "summary": {"covered_lines": 0, "num_statements": 21, "percent_covered": 0.0, "percent_covered_display": "0", "missing_lines": 21, "excluded_lines": 0, "percent_statements_covered": 0.0, "percent_statements_covered_display": "0"}, "missing_lines": [193, 194, 197, 198, 199, 204, 205, 206, 209, 210, 211, 212, 213, 214, 215, 216, 217, 219, 220, 221, 223], "excluded_lines": [], "start_line": 192}, "_handle_dates": {"executed_lines": [276, 277, 278, 283, 284, 285, 286, 287, 289], "summary": {"covered_lines": 9, "num_statements": 14, "percent_covered": 64.28571428571429, "percent_covered_display": "64", "missing_lines": 5, "excluded_lines": 0, "percent_statements_covered": 64.28571428571429, "percent_statements_covered_display": "64"}, "missing_lines": [279, 280, 281, 282, 288], "excluded_lines": [], "start_line": 265}, "_create_date_ranges": {"executed_lines": [302, 303, 304, 305, 307, 308, 309, 310, 312, 317, 319, 320, 321], "summary": {"covered_lines": 13, "num_statements": 16, "percent_covered": 81.25, "percent_covered_display": "81", "missing_lines": 3, "excluded_lines": 0, "percent_statements_covered": 81.25, "percent_statements_covered_display": "81"}, "missing_lines": [311, 313, 318], "excluded_lines": [], "start_line": 293}, "": {"executed_lines": [1, 2, 3, 4, 5, 7, 8, 9, 11, 16, 17, 18, 19, 20, 23, 101, 178, 265, 293], "summary": {"covered_lines": 19, "num_statements": 19, "percent_covered": 100.0, "percent_covered_display": "100", "missing_lines": 0, "excluded_lines": 0, "percent_statements_covered": 100.0, "percent_statements_covered_display": "100"}, "missing_lines": [], "excluded_lines": [], "start_line": 1}}, "classes": {"ChunkFetchResult": {"executed_lines": [], "summary": {"covered_lines": 0, "num_statements": 0, "percent_covered": 100.0, "percent_covered_display": "100", "missing_lines": 0, "excluded_lines": 0, "percent_statements_covered": 100.0, "percent_statements_covered_display": "100"}, "missing_lines": [], "excluded_lines": [], "start_line": 17}, "": {"executed_lines": [1, 2, 3, 4, 5, 7, 8, 9, 11, 16, 17, 18, 19, 20, 23, 29, 30, 32, 33, 34, 35, 36, 37, 45, 46, 52, 53, 54, 55, 101, 112, 113, 115, 116, 118, 119, 120, 122, 123, 127, 134, 136, 137, 143, 146, 147, 148, 149, 152, 158, 175, 178, 188, 189, 190, 192, 225, 226, 232, 234, 235, 236, 237, 238, 239, 240, 248, 262, 265, 276, 277, 278, 283, 284, 285, 286, 287, 289, 293, 302, 303, 304, 305, 307, 308, 309, 310, 312, 317, 319, 320, 321], "summary": {"covered_lines": 92, "num_statements": 175, "percent_covered": 52.57142857142857, "percent_covered_display": "53", "missing_lines": 83, "excluded_lines": 0, "percent_statements_covered": 52.57142857142857, "percent_statements_covered_display": "53"}, "missing_lines": [38, 39, 40, 41, 42, 59, 60, 61, 62, 63, 66, 68, 69, 70, 71, 72, 78, 79, 80, 81, 82, 86, 88, 89, 90, 91, 92, 94, 151, 154, 155, 156, 159, 160, 161, 165, 166, 168, 193, 194, 197, 198, 199, 204, 205, 206, 209, 210, 211, 212, 213, 214, 215, 216, 217, 219, 220, 221, 223, 242, 243, 244, 245, 246, 250, 251, 252, 253, 254, 255, 256, 258, 259, 260, 261, 279, 280, 281, 282, 288, 311, 313, 318], "excluded_lines": [], "start_line": 1}}}}, "totals": {"covered_lines": 1773, "num_statements": 1992, "percent_covered": 89.00602409638554, "percent_covered_display": "89", "missing_lines": 219, "excluded_lines": 6, "percent_statements_covered": 89.00602409638554, "percent_statements_covered_display": "89"}}